Dakota version 6.11 released Nov 15 2019.
Repository revision c3efb375 (2019-11-07) built Nov  7 2019 17:32:45.
Running MPI Dakota executable in serial mode.
Start time: Tue May 19 14:01:54 2020

-----------------------
Begin DAKOTA input file
dakota_ego1.in
-----------------------
# Dakota input file
environment
  tabular_data
    tabular_data_file "dakota_ego1.dat"

method
  efficient_global
  seed 42

variables
  continuous_design 3
  descriptors "R" "S" "F"
  lower_bounds 0.00001 0.001 0.001
  upper_bounds 1 1 1

interface
  fork
    asynchronous
    evaluation_concurrency 1
    parameters_file "params.in"
    results_file "results.out"
    copy_files "template_dir/*"

    analysis_driver "python model_command_line_driver.py"

    work_directory
      named "EGO/run"
      directory_tag
      directory_save
      file_save

responses
  calibration_terms 1
  response_descriptors "rmse"
  no_gradients
  no_hessians
---------------------
End DAKOTA input file
---------------------

Using Dakota input file 'dakota_ego1.in'
Writing new restart file 'dakota_ego1.rst'.

>>>>> Executing environment.

>>>>> Running efficient_global iterator.

>>>>> Building global_kriging approximations.

NonD lhs Samples = 10 Seed (user-specified) = 42

---------------------
Begin Evaluation    1
---------------------
Parameters for evaluation 1:
                      8.1560370783e-01 R
                      7.1457239475e-01 S
                      2.9769399372e-01 F

blocking fork: python model_command_line_driver.py params.in results.out

Active response data for evaluation 1:
Active set vector = { 1 }
                      5.0583893307e-01 rmse



---------------------
Begin Evaluation    2
---------------------
Parameters for evaluation 2:
                      7.5968741929e-01 R
                      6.6045138964e-01 S
                      9.9922193526e-01 F

blocking fork: python model_command_line_driver.py params.in results.out

Active response data for evaluation 2:
Active set vector = { 1 }
                      6.7450296213e-01 rmse



---------------------
Begin Evaluation    3
---------------------
Parameters for evaluation 3:
                      6.5986924997e-01 R
                      1.6583852926e-02 S
                      4.8376101937e-01 F

blocking fork: python model_command_line_driver.py params.in results.out

Active response data for evaluation 3:
Active set vector = { 1 }
                      1.9219448067e+01 rmse



---------------------
Begin Evaluation    4
---------------------
Parameters for evaluation 4:
                      9.4458382992e-01 R
                      4.8713099725e-01 S
                      1.0653551649e-01 F

blocking fork: python model_command_line_driver.py params.in results.out

Active response data for evaluation 4:
Active set vector = { 1 }
                      4.6567335031e-01 rmse



---------------------
Begin Evaluation    5
---------------------
Parameters for evaluation 5:
                      3.7463636891e-02 R
                      5.3383749027e-01 S
                      3.0563914266e-03 F

blocking fork: python model_command_line_driver.py params.in results.out

Active response data for evaluation 5:
Active set vector = { 1 }
                      8.7427014535e-02 rmse



---------------------
Begin Evaluation    6
---------------------
Parameters for evaluation 6:
                      3.1835029533e-01 R
                      3.4657896390e-01 S
                      5.9426141615e-01 F

blocking fork: python model_command_line_driver.py params.in results.out

Active response data for evaluation 6:
Active set vector = { 1 }
                      7.9951097282e-01 rmse



---------------------
Begin Evaluation    7
---------------------
Parameters for evaluation 7:
                      4.7320466184e-01 R
                      8.7093645057e-01 S
                      3.7282767726e-01 F

blocking fork: python model_command_line_driver.py params.in results.out

Active response data for evaluation 7:
Active set vector = { 1 }
                      2.9973330795e-01 rmse



---------------------
Begin Evaluation    8
---------------------
Parameters for evaluation 8:
                      2.9507848044e-01 R
                      9.6512375848e-01 S
                      7.0037779860e-01 F

blocking fork: python model_command_line_driver.py params.in results.out

Active response data for evaluation 8:
Active set vector = { 1 }
                      1.9186408146e-01 rmse



---------------------
Begin Evaluation    9
---------------------
Parameters for evaluation 9:
                      5.7797332005e-01 R
                      1.1088749456e-01 S
                      8.1836431421e-01 F

blocking fork: python model_command_line_driver.py params.in results.out

Active response data for evaluation 9:
Active set vector = { 1 }
                      3.3453407197e+00 rmse



---------------------
Begin Evaluation   10
---------------------
Parameters for evaluation 10:
                      1.7966250188e-01 R
                      2.0660255275e-01 S
                      6.2161267727e-01 F

blocking fork: python model_command_line_driver.py params.in results.out

Active response data for evaluation 10:
Active set vector = { 1 }
                      1.4492676468e+00 rmse



>>>>> Appending 10 points to global_kriging approximations.

<<<<< global_kriging approximation updates completed.
Constructing global approximations with no anchor, 10 DACE samples, and 0 reused points.

<<<<< global_kriging approximation builds completed.
Beginning Approximate Fn Evaluations...

>>>>> Initiating global optimization
NCSU DIRECT succeeded with code 1
(maximum function evaluations exceeded)

Results of EGO iteration:
Final point =
                      9.9999153254e-01
                      9.1181412894e-01
                      1.0084590764e-03
Expected Improvement    =
                      1.8309675112e+00
                      5.9897925149e-01 [merit]

---------------------
Begin Evaluation   11
---------------------
Parameters for evaluation 11:
                      9.9999153254e-01 R
                      9.1181412894e-01 S
                      1.0084590764e-03 F

blocking fork: python model_command_line_driver.py params.in results.out

Active response data for evaluation 11:
Active set vector = { 1 }
                      7.9084678993e-02 rmse



>>>>> Appending to global_kriging approximations.

<<<<< global_kriging approximation updates completed.

>>>>> Initiating global optimization
NCSU DIRECT succeeded with code 1
(maximum function evaluations exceeded)

Results of EGO iteration:
Final point =
                      1.2822486410e-05
                      9.9999718031e-01
                      1.0028196921e-03
Expected Improvement    =
                      1.7857171965e+00
                      1.6651477020e+00 [merit]

---------------------
Begin Evaluation   12
---------------------
Parameters for evaluation 12:
                      1.2822486410e-05 R
                      9.9999718031e-01 S
                      1.0028196921e-03 F

blocking fork: python model_command_line_driver.py params.in results.out

Active response data for evaluation 12:
Active set vector = { 1 }
                      7.1557575877e-02 rmse



>>>>> Appending to global_kriging approximations.

<<<<< global_kriging approximation updates completed.

>>>>> Initiating global optimization
NCSU DIRECT succeeded with code 1
(maximum function evaluations exceeded)

Results of EGO iteration:
Final point =
                      1.2822486410e-05
                      1.4988256363e-01
                      9.9999718031e-01
Expected Improvement    =
                      2.1109172653e+00
                      5.3629846767e-04 [merit]

---------------------
Begin Evaluation   13
---------------------
Parameters for evaluation 13:
                      1.2822486410e-05 R
                      1.4988256363e-01 S
                      9.9999718031e-01 F

blocking fork: python model_command_line_driver.py params.in results.out

Active response data for evaluation 13:
Active set vector = { 1 }
                      2.3374576611e+00 rmse



>>>>> Appending to global_kriging approximations.

<<<<< global_kriging approximation updates completed.

>>>>> Initiating global optimization
NCSU DIRECT succeeded with code 1
(maximum function evaluations exceeded)

Results of EGO iteration:
Final point =
                      9.9997459762e-01
                      9.3810493827e-01
                      5.4516392318e-01
Expected Improvement    =
                      2.1685277389e+00
                      2.3903834945e-03 [merit]

---------------------
Begin Evaluation   14
---------------------
Parameters for evaluation 14:
                      9.9997459762e-01 R
                      9.3810493827e-01 S
                      5.4516392318e-01 F

blocking fork: python model_command_line_driver.py params.in results.out

Active response data for evaluation 14:
Active set vector = { 1 }
                      6.6584759079e-01 rmse



>>>>> Appending to global_kriging approximations.

<<<<< global_kriging approximation updates completed.

>>>>> Initiating global optimization
NCSU DIRECT succeeded with code 1
(maximum function evaluations exceeded)

Results of EGO iteration:
Final point =
                      1.2822486410e-05
                      9.7224013108e-01
                      9.9999718031e-01
Expected Improvement    =
                      1.3289210489e+00
                      1.0383475678e-02 [merit]

---------------------
Begin Evaluation   15
---------------------
Parameters for evaluation 15:
                      1.2822486410e-05 R
                      9.7224013108e-01 S
                      9.9999718031e-01 F

blocking fork: python model_command_line_driver.py params.in results.out

Active response data for evaluation 15:
Active set vector = { 1 }
                      9.4559807763e-02 rmse



>>>>> Appending to global_kriging approximations.

<<<<< global_kriging approximation updates completed.

>>>>> Initiating global optimization
NCSU DIRECT succeeded with code 1
(maximum function evaluations exceeded)

Results of EGO iteration:
Final point =
                      1.8467459229e-05
                      4.3394398720e-01
                      3.4042043896e-01
Expected Improvement    =
                      1.0913366202e+00
                      4.4496271957e-04 [merit]

---------------------
Begin Evaluation   16
---------------------
Parameters for evaluation 16:
                      1.8467459229e-05 R
                      4.3394398720e-01 S
                      3.4042043896e-01 F

blocking fork: python model_command_line_driver.py params.in results.out

Active response data for evaluation 16:
Active set vector = { 1 }
                      4.4911713353e-01 rmse



>>>>> Appending to global_kriging approximations.

<<<<< global_kriging approximation updates completed.

>>>>> Initiating global optimization
NCSU DIRECT succeeded with code 1
(maximum function evaluations exceeded)

Results of EGO iteration:
Final point =
                      9.9999153254e-01
                      9.0464083219e-01
                      8.5189003201e-01
Expected Improvement    =
                      6.5798797943e-01
                      2.2159336422e-04 [merit]

---------------------
Begin Evaluation   17
---------------------
Parameters for evaluation 17:
                      9.9999153254e-01 R
                      9.0464083219e-01 S
                      8.5189003201e-01 F

blocking fork: python model_command_line_driver.py params.in results.out

Active response data for evaluation 17:
Active set vector = { 1 }
                      7.1786525271e-01 rmse



>>>>> Appending to global_kriging approximations.

<<<<< global_kriging approximation updates completed.

>>>>> Initiating global optimization
NCSU DIRECT succeeded with code 1
(maximum function evaluations exceeded)

Results of EGO iteration:
Final point =
                      6.2930310242e-01
                      4.9897736626e-01
                      9.9997462277e-01
Expected Improvement    =
                      7.4008049604e-01
                      7.4070992176e-03 [merit]

---------------------
Begin Evaluation   18
---------------------
Parameters for evaluation 18:
                      6.2930310242e-01 R
                      4.9897736626e-01 S
                      9.9997462277e-01 F

blocking fork: python model_command_line_driver.py params.in results.out

Active response data for evaluation 18:
Active set vector = { 1 }
                      8.2314537995e-01 rmse



>>>>> Appending to global_kriging approximations.

<<<<< global_kriging approximation updates completed.

>>>>> Initiating global optimization
NCSU DIRECT succeeded with code 1
(maximum function evaluations exceeded)

Results of EGO iteration:
Final point =
                      4.0403481710e-01
                      9.9997462277e-01
                      1.5039574760e-01
Expected Improvement    =
                      5.5103924715e-01
                      2.1287962501e-04 [merit]

---------------------
Begin Evaluation   19
---------------------
Parameters for evaluation 19:
                      4.0403481710e-01 R
                      9.9997462277e-01 S
                      1.5039574760e-01 F

blocking fork: python model_command_line_driver.py params.in results.out

Active response data for evaluation 19:
Active set vector = { 1 }
                      1.8472245969e-01 rmse



>>>>> Appending to global_kriging approximations.

<<<<< global_kriging approximation updates completed.

>>>>> Initiating global optimization
NCSU DIRECT succeeded with code 1
(maximum function evaluations exceeded)

Results of EGO iteration:
Final point =
                      9.9999153254e-01
                      2.5498376772e-01
                      7.1025125743e-01
Expected Improvement    =
                      4.2641902265e-01
                      1.1407828772e-04 [merit]

---------------------
Begin Evaluation   20
---------------------
Parameters for evaluation 20:
                      9.9999153254e-01 R
                      2.5498376772e-01 S
                      7.1025125743e-01 F

blocking fork: python model_command_line_driver.py params.in results.out

Active response data for evaluation 20:
Active set vector = { 1 }
                      1.5217407311e+00 rmse



>>>>> Appending to global_kriging approximations.

<<<<< global_kriging approximation updates completed.

>>>>> Initiating global optimization
NCSU DIRECT succeeded with code 1
(maximum function evaluations exceeded)

Results of EGO iteration:
Final point =
                      9.9999717751e-01
                      3.3400281969e-01
                      9.3929484835e-01
Expected Improvement    =
                      3.4013693193e-01
                      1.3379003067e-03 [merit]

---------------------
Begin Evaluation   21
---------------------
Parameters for evaluation 21:
                      9.9999717751e-01 R
                      3.3400281969e-01 S
                      9.3929484835e-01 F

blocking fork: python model_command_line_driver.py params.in results.out

Active response data for evaluation 21:
Active set vector = { 1 }
                      1.3556102329e+00 rmse



>>>>> Appending to global_kriging approximations.

<<<<< global_kriging approximation updates completed.

>>>>> Initiating global optimization
NCSU DIRECT succeeded with code 1
(maximum function evaluations exceeded)

Results of EGO iteration:
Final point =
                      1.8467459229e-05
                      6.7971399177e-01
                      1.0084590764e-03
Expected Improvement    =
                      5.7719299535e-01
                      9.2881816292e-03 [merit]

---------------------
Begin Evaluation   22
---------------------
Parameters for evaluation 22:
                      1.8467459229e-05 R
                      6.7971399177e-01 S
                      1.0084590764e-03 F

blocking fork: python model_command_line_driver.py params.in results.out

Active response data for evaluation 22:
Active set vector = { 1 }
                      7.2372062156e-02 rmse



>>>>> Appending to global_kriging approximations.

<<<<< global_kriging approximation updates completed.

>>>>> Initiating global optimization
NCSU DIRECT succeeded with code 1
(maximum function evaluations exceeded)

Results of EGO iteration:
Final point =
                      9.9999153254e-01
                      6.1889323274e-01
                      1.0084590764e-03
Expected Improvement    =
                      5.2983908579e-01
                      9.4908036942e-03 [merit]

---------------------
Begin Evaluation   23
---------------------
Parameters for evaluation 23:
                      9.9999153254e-01 R
                      6.1889323274e-01 S
                      1.0084590764e-03 F

blocking fork: python model_command_line_driver.py params.in results.out

Active response data for evaluation 23:
Active set vector = { 1 }
                      8.2356670706e-02 rmse



>>>>> Appending to global_kriging approximations.

<<<<< global_kriging approximation updates completed.

>>>>> Initiating global optimization
NCSU DIRECT succeeded with code 1
(maximum function evaluations exceeded)

Results of EGO iteration:
Final point =
                      9.9999153254e-01
                      1.5897325103e-01
                      1.0084590764e-03
Expected Improvement    =
                      4.7471360900e-01
                      6.0312817219e-05 [merit]

---------------------
Begin Evaluation   24
---------------------
Parameters for evaluation 24:
                      9.9999153254e-01 R
                      1.5897325103e-01 S
                      1.0084590764e-03 F

blocking fork: python model_command_line_driver.py params.in results.out

Active response data for evaluation 24:
Active set vector = { 1 }
                      9.7378908781e-02 rmse



>>>>> Appending to global_kriging approximations.

<<<<< global_kriging approximation updates completed.

>>>>> Initiating global optimization
NCSU DIRECT succeeded with code 1
(maximum function evaluations exceeded)

Results of EGO iteration:
Final point =
                      9.2219251715e-01
                      3.6386899863e-01
                      1.0253772291e-03
Expected Improvement    =
                      3.7611355701e-01
                      3.0134532510e-02 [merit]

---------------------
Begin Evaluation   25
---------------------
Parameters for evaluation 25:
                      9.2219251715e-01 R
                      3.6386899863e-01 S
                      1.0253772291e-03 F

blocking fork: python model_command_line_driver.py params.in results.out

Active response data for evaluation 25:
Active set vector = { 1 }
                      7.8699093294e-02 rmse



>>>>> Appending to global_kriging approximations.

<<<<< global_kriging approximation updates completed.

>>>>> Initiating global optimization
NCSU DIRECT succeeded with code 1
(maximum function evaluations exceeded)

Results of EGO iteration:
Final point =
                      2.5132951532e-02
                      7.9040946502e-01
                      9.9997462277e-01
Expected Improvement    =
                      3.1945521276e-01
                      2.6402624813e-01 [merit]

---------------------
Begin Evaluation   26
---------------------
Parameters for evaluation 26:
                      2.5132951532e-02 R
                      7.9040946502e-01 S
                      9.9997462277e-01 F

blocking fork: python model_command_line_driver.py params.in results.out

Active response data for evaluation 26:
Active set vector = { 1 }
                      2.4282116117e-01 rmse



>>>>> Appending to global_kriging approximations.

<<<<< global_kriging approximation updates completed.

>>>>> Initiating global optimization
NCSU DIRECT succeeded with code 1
(maximum function evaluations exceeded)

Results of EGO iteration:
Final point =
                      9.9999717751e-01
                      1.7072008840e-01
                      9.9999718031e-01
Expected Improvement    =
                      2.5183091485e-01
                      4.9616056071e-02 [merit]

---------------------
Begin Evaluation   27
---------------------
Parameters for evaluation 27:
                      9.9999717751e-01 R
                      1.7072008840e-01 S
                      9.9999718031e-01 F

blocking fork: python model_command_line_driver.py params.in results.out

Active response data for evaluation 27:
Active set vector = { 1 }
                      2.5705190905e+00 rmse



>>>>> Appending to global_kriging approximations.

<<<<< global_kriging approximation updates completed.

>>>>> Initiating global optimization
NCSU DIRECT succeeded with code 1
(maximum function evaluations exceeded)

Results of EGO iteration:
Final point =
                      9.9997459762e-01
                      8.0380864198e-01
                      9.4870370370e-02
Expected Improvement    =
                      4.4983239450e-01
                      6.5506363445e-03 [merit]

---------------------
Begin Evaluation   28
---------------------
Parameters for evaluation 28:
                      9.9997459762e-01 R
                      8.0380864198e-01 S
                      9.4870370370e-02 F

blocking fork: python model_command_line_driver.py params.in results.out

Active response data for evaluation 28:
Active set vector = { 1 }
                      4.2644641436e-01 rmse



>>>>> Appending to global_kriging approximations.

<<<<< global_kriging approximation updates completed.

>>>>> Initiating global optimization
NCSU DIRECT succeeded with code 1
(maximum function evaluations exceeded)

Results of EGO iteration:
Final point =
                      3.5402377686e-05
                      2.8179903978e-01
                      1.4313786008e-01
Expected Improvement    =
                      3.4191878616e-01
                      1.2624466333e-02 [merit]

---------------------
Begin Evaluation   29
---------------------
Parameters for evaluation 29:
                      3.5402377686e-05 R
                      2.8179903978e-01 S
                      1.4313786008e-01 F

blocking fork: python model_command_line_driver.py params.in results.out

Active response data for evaluation 29:
Active set vector = { 1 }
                      4.1494740094e-01 rmse



>>>>> Appending to global_kriging approximations.

<<<<< global_kriging approximation updates completed.

>>>>> Initiating global optimization
NCSU DIRECT succeeded with code 1
(maximum function evaluations exceeded)

Results of EGO iteration:
Final point =
                      1.8467459229e-05
                      7.7366049383e-01
                      1.0084590764e-03
Expected Improvement    =
                      3.0519733985e-01
                      3.6142234386e-02 [merit]

---------------------
Begin Evaluation   30
---------------------
Parameters for evaluation 30:
                      1.8467459229e-05 R
                      7.7366049383e-01 S
                      1.0084590764e-03 F

blocking fork: python model_command_line_driver.py params.in results.out

Active response data for evaluation 30:
Active set vector = { 1 }
                      7.2076648464e-02 rmse



>>>>> Appending to global_kriging approximations.

<<<<< global_kriging approximation updates completed.

>>>>> Initiating global optimization
NCSU DIRECT succeeded with code 1
(maximum function evaluations exceeded)

Results of EGO iteration:
Final point =
                      1.8467459229e-05
                      9.9999154092e-01
                      9.0535139460e-01
Expected Improvement    =
                      9.4553104479e-01
                      7.0074998065e-02 [merit]

---------------------
Begin Evaluation   31
---------------------
Parameters for evaluation 31:
                      1.8467459229e-05 R
                      9.9999154092e-01 S
                      9.0535139460e-01 F

blocking fork: python model_command_line_driver.py params.in results.out

Active response data for evaluation 31:
Active set vector = { 1 }
                      7.1557575877e-02 rmse



>>>>> Appending to global_kriging approximations.

<<<<< global_kriging approximation updates completed.

>>>>> Initiating global optimization
NCSU DIRECT succeeded with code 1
(maximum function evaluations exceeded)

Results of EGO iteration:
Final point =
                      1.2822486410e-05
                      9.9999718031e-01
                      2.8711133973e-01
Expected Improvement    =
                      8.3491085985e-01
                      1.4273082432e-02 [merit]

---------------------
Begin Evaluation   32
---------------------
Parameters for evaluation 32:
                      1.2822486410e-05 R
                      9.9999718031e-01 S
                      2.8711133973e-01 F

blocking fork: python model_command_line_driver.py params.in results.out

Active response data for evaluation 32:
Active set vector = { 1 }
                      7.1557575877e-02 rmse



>>>>> Appending to global_kriging approximations.

<<<<< global_kriging approximation updates completed.

>>>>> Initiating global optimization
NCSU DIRECT succeeded with code 1
(maximum function evaluations exceeded)

Results of EGO iteration:
Final point =
                      9.9999153254e-01
                      2.3544330133e-01
                      1.0084590764e-03
Expected Improvement    =
                      2.1044190769e-01
                      7.6081421823e-05 [merit]

---------------------
Begin Evaluation   33
---------------------
Parameters for evaluation 33:
                      9.9999153254e-01 R
                      2.3544330133e-01 S
                      1.0084590764e-03 F

blocking fork: python model_command_line_driver.py params.in results.out

Active response data for evaluation 33:
Active set vector = { 1 }
                      8.3309517980e-02 rmse



>>>>> Appending to global_kriging approximations.

<<<<< global_kriging approximation updates completed.

>>>>> Initiating global optimization
NCSU DIRECT succeeded with code 1
(maximum function evaluations exceeded)

Results of EGO iteration:
Final point =
                      9.9999153254e-01
                      9.9999154092e-01
                      7.6166552355e-01
Expected Improvement    =
                      7.4923352409e-01
                      1.7566935884e-01 [merit]

---------------------
Begin Evaluation   34
---------------------
Parameters for evaluation 34:
                      9.9999153254e-01 R
                      9.9999154092e-01 S
                      7.6166552355e-01 F

blocking fork: python model_command_line_driver.py params.in results.out

Active response data for evaluation 34:
Active set vector = { 1 }
                      6.9018480220e-01 rmse



>>>>> Appending to global_kriging approximations.

<<<<< global_kriging approximation updates completed.

>>>>> Initiating global optimization
NCSU DIRECT succeeded with code 1
(maximum function evaluations exceeded)

Results of EGO iteration:
Final point =
                      9.9999153254e-01
                      1.7800617284e-01
                      6.2094032922e-01
Expected Improvement    =
                      6.5808127196e-01
                      1.3303026773e-04 [merit]

---------------------
Begin Evaluation   35
---------------------
Parameters for evaluation 35:
                      9.9999153254e-01 R
                      1.7800617284e-01 S
                      6.2094032922e-01 F

blocking fork: python model_command_line_driver.py params.in results.out

Active response data for evaluation 35:
Active set vector = { 1 }
                      1.9966451782e+00 rmse



>>>>> Appending to global_kriging approximations.

<<<<< global_kriging approximation updates completed.

>>>>> Initiating global optimization
NCSU DIRECT succeeded with code 1
(maximum function evaluations exceeded)

Results of EGO iteration:
Final point =
                      9.9999717751e-01
                      9.9999154092e-01
                      6.7940946502e-01
Expected Improvement    =
                      5.2333359830e-01
                      7.7111313847e-02 [merit]

---------------------
Begin Evaluation   36
---------------------
Parameters for evaluation 36:
                      9.9999717751e-01 R
                      9.9999154092e-01 S
                      6.7940946502e-01 F

blocking fork: python model_command_line_driver.py params.in results.out

Active response data for evaluation 36:
Active set vector = { 1 }
                      6.7857221833e-01 rmse



>>>>> Appending to global_kriging approximations.

<<<<< global_kriging approximation updates completed.

>>>>> Initiating global optimization
NCSU DIRECT succeeded with code 1
(maximum function evaluations exceeded)

Results of EGO iteration:
Final point =
                      1.2822486410e-05
                      5.8732395976e-01
                      9.9999718031e-01
Expected Improvement    =
                      3.4922527644e-01
                      2.5732799764e-01 [merit]

---------------------
Begin Evaluation   37
---------------------
Parameters for evaluation 37:
                      1.2822486410e-05 R
                      5.8732395976e-01 S
                      9.9999718031e-01 F

blocking fork: python model_command_line_driver.py params.in results.out

Active response data for evaluation 37:
Active set vector = { 1 }
                      4.3777404031e-01 rmse



>>>>> Appending to global_kriging approximations.

<<<<< global_kriging approximation updates completed.

>>>>> Initiating global optimization
NCSU DIRECT succeeded with code 1
(maximum function evaluations exceeded)

Results of EGO iteration:
Final point =
                      9.9997459762e-01
                      5.5440123457e-01
                      4.0410836763e-02
Expected Improvement    =
                      2.9289306613e-01
                      3.6191030066e-06 [merit]

---------------------
Begin Evaluation   38
---------------------
Parameters for evaluation 38:
                      9.9997459762e-01 R
                      5.5440123457e-01 S
                      4.0410836763e-02 F

blocking fork: python model_command_line_driver.py params.in results.out

Active response data for evaluation 38:
Active set vector = { 1 }
                      3.2100206738e-01 rmse



>>>>> Appending to global_kriging approximations.

<<<<< global_kriging approximation updates completed.

>>>>> Initiating global optimization
NCSU DIRECT succeeded with code 1
(maximum function evaluations exceeded)

Results of EGO iteration:
Final point =
                      4.3875139994e-01
                      1.0084590764e-03
                      9.9999154092e-01
Expected Improvement    =
                      1.6223053723e+00
                      4.6358843186e-03 [merit]

---------------------
Begin Evaluation   39
---------------------
Parameters for evaluation 39:
                      4.3875139994e-01 R
                      1.0084590764e-03 S
                      9.9999154092e-01 F

blocking fork: python model_command_line_driver.py params.in results.out

Active response data for evaluation 39:
Active set vector = { 1 }
                      3.7395667700e+02 rmse



>>>>> Appending to global_kriging approximations.

<<<<< global_kriging approximation updates completed.

>>>>> Initiating global optimization
NCSU DIRECT succeeded with code 1
(maximum function evaluations exceeded)

Results of EGO iteration:
Final point =
                      1.3192454733e-01
                      9.9997462277e-01
                      7.7594444444e-01
Expected Improvement    =
                      2.6090998113e+01
                      2.7888161473e-03 [merit]

---------------------
Begin Evaluation   40
---------------------
Parameters for evaluation 40:
                      1.3192454733e-01 R
                      9.9997462277e-01 S
                      7.7594444444e-01 F

blocking fork: python model_command_line_driver.py params.in results.out

Active response data for evaluation 40:
Active set vector = { 1 }
                      8.4840880177e-02 rmse



>>>>> Appending to global_kriging approximations.

<<<<< global_kriging approximation updates completed.

>>>>> Initiating global optimization
NCSU DIRECT succeeded with code 1
(maximum function evaluations exceeded)

Results of EGO iteration:
Final point =
                      7.6476551517e-01
                      1.0084590764e-03
                      1.0084590764e-03
Expected Improvement    =
                      2.3285789757e+01
                      8.4023122365e-02 [merit]

---------------------
Begin Evaluation   41
---------------------
Parameters for evaluation 41:
                      7.6476551517e-01 R
                      1.0084590764e-03 S
                      1.0084590764e-03 F

blocking fork: python model_command_line_driver.py params.in results.out

Active response data for evaluation 41:
Active set vector = { 1 }
                      1.4548823152e+00 rmse



>>>>> Appending to global_kriging approximations.

<<<<< global_kriging approximation updates completed.

>>>>> Initiating global optimization
NCSU DIRECT succeeded with code 1
(maximum function evaluations exceeded)

Results of EGO iteration:
Final point =
                      2.1626044124e-01
                      9.9997462277e-01
                      2.5748765432e-01
Expected Improvement    =
                      1.9855508648e+01
                      3.2049138625e-02 [merit]

---------------------
Begin Evaluation   42
---------------------
Parameters for evaluation 42:
                      2.1626044124e-01 R
                      9.9997462277e-01 S
                      2.5748765432e-01 F

blocking fork: python model_command_line_driver.py params.in results.out

Active response data for evaluation 42:
Active set vector = { 1 }
                      1.1222874617e-01 rmse



>>>>> Appending to global_kriging approximations.

<<<<< global_kriging approximation updates completed.

>>>>> Initiating global optimization
NCSU DIRECT succeeded with code 1
(maximum function evaluations exceeded)

Results of EGO iteration:
Final point =
                      2.4316438170e-01
                      1.0028196921e-03
                      9.9999718031e-01
Expected Improvement    =
                      1.7364007589e+01
                      2.9024207327e-02 [merit]

---------------------
Begin Evaluation   43
---------------------
Parameters for evaluation 43:
                      2.4316438170e-01 R
                      1.0028196921e-03 S
                      9.9999718031e-01 F

blocking fork: python model_command_line_driver.py params.in results.out

Active response data for evaluation 43:
Active set vector = { 1 }
                      4.5288410559e+02 rmse



>>>>> Appending to global_kriging approximations.

<<<<< global_kriging approximation updates completed.

>>>>> Initiating global optimization
NCSU DIRECT succeeded with code 1
(maximum function evaluations exceeded)

Results of EGO iteration:
Final point =
                      8.7431750267e-01
                      9.9999154092e-01
                      9.2599154092e-01
Expected Improvement    =
                      3.7994769490e+01
                      3.3762538595e-02 [merit]

---------------------
Begin Evaluation   44
---------------------
Parameters for evaluation 44:
                      8.7431750267e-01 R
                      9.9999154092e-01 S
                      9.2599154092e-01 F

blocking fork: python model_command_line_driver.py params.in results.out

Active response data for evaluation 44:
Active set vector = { 1 }
                      6.1668828244e-01 rmse



>>>>> Appending to global_kriging approximations.

<<<<< global_kriging approximation updates completed.

>>>>> Initiating global optimization
NCSU DIRECT succeeded with code 1
(maximum function evaluations exceeded)

Results of EGO iteration:
Final point =
                      9.5881395875e-02
                      1.0028196921e-03
                      8.8899718031e-01
Expected Improvement    =
                      3.3708955480e+01
                      5.5660778207e-04 [merit]

---------------------
Begin Evaluation   45
---------------------
Parameters for evaluation 45:
                      9.5881395875e-02 R
                      1.0028196921e-03 S
                      8.8899718031e-01 F

blocking fork: python model_command_line_driver.py params.in results.out

Active response data for evaluation 45:
Active set vector = { 1 }
                      3.8456230945e+02 rmse



>>>>> Appending to global_kriging approximations.

<<<<< global_kriging approximation updates completed.

>>>>> Initiating global optimization
NCSU DIRECT succeeded with code 1
(maximum function evaluations exceeded)

Results of EGO iteration:
Final point =
                      3.3153643118e-01
                      6.5042866941e-01
                      1.0253772291e-03
Expected Improvement    =
                      2.0646078625e+01
                      5.8484067746e-03 [merit]

---------------------
Begin Evaluation   46
---------------------
Parameters for evaluation 46:
                      3.3153643118e-01 R
                      6.5042866941e-01 S
                      1.0253772291e-03 F

blocking fork: python model_command_line_driver.py params.in results.out

Active response data for evaluation 46:
Active set vector = { 1 }
                      7.1799111390e-02 rmse



>>>>> Appending to global_kriging approximations.

<<<<< global_kriging approximation updates completed.

>>>>> Initiating global optimization
NCSU DIRECT succeeded with code 1
(maximum function evaluations exceeded)

Results of EGO iteration:
Final point =
                      5.3087735635e-01
                      3.5045290352e-01
                      1.0084590764e-03
Expected Improvement    =
                      1.8885895394e+01
                      5.6623367453e-04 [merit]

---------------------
Begin Evaluation   47
---------------------
Parameters for evaluation 47:
                      5.3087735635e-01 R
                      3.5045290352e-01 S
                      1.0084590764e-03 F

blocking fork: python model_command_line_driver.py params.in results.out

Active response data for evaluation 47:
Active set vector = { 1 }
                      8.0894269653e-02 rmse



>>>>> Appending to global_kriging approximations.

<<<<< global_kriging approximation updates completed.

>>>>> Initiating global optimization
NCSU DIRECT succeeded with code 1
(maximum function evaluations exceeded)

Results of EGO iteration:
Final point =
                      2.9849640527e-01
                      6.3207247371e-01
                      9.9999154092e-01
Expected Improvement    =
                      1.4277066778e+01
                      7.7645441235e-04 [merit]

---------------------
Begin Evaluation   48
---------------------
Parameters for evaluation 48:
                      2.9849640527e-01 R
                      6.3207247371e-01 S
                      9.9999154092e-01 F

blocking fork: python model_command_line_driver.py params.in results.out

Active response data for evaluation 48:
Active set vector = { 1 }
                      3.6621066153e-01 rmse



>>>>> Appending to global_kriging approximations.

<<<<< global_kriging approximation updates completed.

>>>>> Initiating global optimization
NCSU DIRECT succeeded with code 1
(maximum function evaluations exceeded)

Results of EGO iteration:
Final point =
                      5.0745071915e-01
                      9.9999718031e-01
                      9.9999718031e-01
Expected Improvement    =
                      1.3546932859e+01
                      9.3291610872e-01 [merit]

---------------------
Begin Evaluation   49
---------------------
Parameters for evaluation 49:
                      5.0745071915e-01 R
                      9.9999718031e-01 S
                      9.9999718031e-01 F

blocking fork: python model_command_line_driver.py params.in results.out

Active response data for evaluation 49:
Active set vector = { 1 }
                      3.3752384029e-01 rmse



>>>>> Appending to global_kriging approximations.

<<<<< global_kriging approximation updates completed.

>>>>> Initiating global optimization
NCSU DIRECT succeeded with code 1
(maximum function evaluations exceeded)

Results of EGO iteration:
Final point =
                      7.0303773739e-01
                      5.3528372199e-01
                      1.0084590764e-03
Expected Improvement    =
                      1.0107548001e+01
                      3.1093249880e-02 [merit]

---------------------
Begin Evaluation   50
---------------------
Parameters for evaluation 50:
                      7.0303773739e-01 R
                      5.3528372199e-01 S
                      1.0084590764e-03 F

blocking fork: python model_command_line_driver.py params.in results.out

Active response data for evaluation 50:
Active set vector = { 1 }
                      7.5838659394e-02 rmse



>>>>> Appending to global_kriging approximations.

<<<<< global_kriging approximation updates completed.

>>>>> Initiating global optimization
NCSU DIRECT succeeded with code 1
(maximum function evaluations exceeded)

Results of EGO iteration:
Final point =
                      8.6873462455e-01
                      1.7447264137e-02
                      9.9999718031e-01
Expected Improvement    =
                      1.2634529392e+01
                      1.1188962580e-03 [merit]

---------------------
Begin Evaluation   51
---------------------
Parameters for evaluation 51:
                      8.6873462455e-01 R
                      1.7447264137e-02 S
                      9.9999718031e-01 F

blocking fork: python model_command_line_driver.py params.in results.out

Active response data for evaluation 51:
Active set vector = { 1 }
                      2.3765299987e+01 rmse



>>>>> Appending to global_kriging approximations.

<<<<< global_kriging approximation updates completed.

>>>>> Initiating global optimization
NCSU DIRECT succeeded with code 1
(maximum function evaluations exceeded)

Results of EGO iteration:
Final point =
                      8.4035170121e-01
                      9.9999718031e-01
                      1.0028196921e-03
Expected Improvement    =
                      8.0894042614e+00
                      1.3168154038e+00 [merit]

---------------------
Begin Evaluation   52
---------------------
Parameters for evaluation 52:
                      8.4035170121e-01 R
                      9.9999718031e-01 S
                      1.0028196921e-03 F

blocking fork: python model_command_line_driver.py params.in results.out

Active response data for evaluation 52:
Active set vector = { 1 }
                      7.7393485863e-02 rmse



>>>>> Appending to global_kriging approximations.

<<<<< global_kriging approximation updates completed.

>>>>> Initiating global optimization
NCSU DIRECT succeeded with code 2
(maximum iterations reached)

Results of EGO iteration:
Final point =
                      5.0202025530e-01
                      2.2300281969e-01
                      1.0028196921e-03
Expected Improvement    =
                      8.3814201117e+00
                      2.4197031975e-03 [merit]

---------------------
Begin Evaluation   53
---------------------
Parameters for evaluation 53:
                      5.0202025530e-01 R
                      2.2300281969e-01 S
                      1.0028196921e-03 F

blocking fork: python model_command_line_driver.py params.in results.out

Active response data for evaluation 53:
Active set vector = { 1 }
                      7.4987820255e-02 rmse



>>>>> Appending to global_kriging approximations.

<<<<< global_kriging approximation updates completed.

>>>>> Initiating global optimization
NCSU DIRECT succeeded with code 1
(maximum function evaluations exceeded)

Results of EGO iteration:
Final point =
                      6.9611135574e-01
                      9.0222153635e-01
                      9.9997462277e-01
Expected Improvement    =
                      6.9051221643e+00
                      1.3860480155e-02 [merit]

---------------------
Begin Evaluation   54
---------------------
Parameters for evaluation 54:
                      6.9611135574e-01 R
                      9.0222153635e-01 S
                      9.9997462277e-01 F

blocking fork: python model_command_line_driver.py params.in results.out

Active response data for evaluation 54:
Active set vector = { 1 }
                      5.1982636068e-01 rmse



>>>>> Appending to global_kriging approximations.

<<<<< global_kriging approximation updates completed.

>>>>> Initiating global optimization
NCSU DIRECT succeeded with code 1
(maximum function evaluations exceeded)

Results of EGO iteration:
Final point =
                      2.4466029950e-01
                      3.3397462277e-01
                      1.0084590764e-03
Expected Improvement    =
                      7.4919926659e+00
                      2.6222098661e-06 [merit]

---------------------
Begin Evaluation   55
---------------------
Parameters for evaluation 55:
                      2.4466029950e-01 R
                      3.3397462277e-01 S
                      1.0084590764e-03 F

blocking fork: python model_command_line_driver.py params.in results.out

Active response data for evaluation 55:
Active set vector = { 1 }
                      7.1467155979e-02 rmse



>>>>> Appending to global_kriging approximations.

<<<<< global_kriging approximation updates completed.

>>>>> Initiating global optimization
NCSU DIRECT succeeded with code 1
(maximum function evaluations exceeded)

Results of EGO iteration:
Final point =
                      6.4105593583e-01
                      8.4003040695e-01
                      1.0084590764e-03
Expected Improvement    =
                      5.3194579452e+00
                      3.2060741557e-03 [merit]

---------------------
Begin Evaluation   56
---------------------
Parameters for evaluation 56:
                      6.4105593583e-01 R
                      8.4003040695e-01 S
                      1.0084590764e-03 F

blocking fork: python model_command_line_driver.py params.in results.out

Active response data for evaluation 56:
Active set vector = { 1 }
                      7.3909551176e-02 rmse



>>>>> Appending to global_kriging approximations.

<<<<< global_kriging approximation updates completed.

>>>>> Initiating global optimization
NCSU DIRECT succeeded with code 1
(maximum function evaluations exceeded)

Results of EGO iteration:
Final point =
                      4.9077546944e-01
                      2.9700281969e-01
                      9.9999718031e-01
Expected Improvement    =
                      5.2320194868e+00
                      9.1878475206e-05 [merit]

---------------------
Begin Evaluation   57
---------------------
Parameters for evaluation 57:
                      4.9077546944e-01 R
                      2.9700281969e-01 S
                      9.9999718031e-01 F

blocking fork: python model_command_line_driver.py params.in results.out

Active response data for evaluation 57:
Active set vector = { 1 }
                      1.2458489680e+00 rmse



>>>>> Appending to global_kriging approximations.

<<<<< global_kriging approximation updates completed.

>>>>> Initiating global optimization
NCSU DIRECT succeeded with code 1
(maximum function evaluations exceeded)

Results of EGO iteration:
Final point =
                      3.4069822207e-01
                      8.0133859168e-01
                      9.9999154092e-01
Expected Improvement    =
                      4.1641160024e+00
                      7.0865686687e-04 [merit]

---------------------
Begin Evaluation   58
---------------------
Parameters for evaluation 58:
                      3.4069822207e-01 R
                      8.0133859168e-01 S
                      9.9999154092e-01 F

blocking fork: python model_command_line_driver.py params.in results.out

Active response data for evaluation 58:
Active set vector = { 1 }
                      2.9863234810e-01 rmse



>>>>> Appending to global_kriging approximations.

<<<<< global_kriging approximation updates completed.

>>>>> Initiating global optimization
NCSU DIRECT succeeded with code 1
(maximum function evaluations exceeded)

Results of EGO iteration:
Final point =
                      3.1587163161e-01
                      4.5322504191e-01
                      9.9999718031e-01
Expected Improvement    =
                      3.5655542266e+00
                      2.8448200517e-04 [merit]

---------------------
Begin Evaluation   59
---------------------
Parameters for evaluation 59:
                      3.1587163161e-01 R
                      4.5322504191e-01 S
                      9.9999718031e-01 F

blocking fork: python model_command_line_driver.py params.in results.out

Active response data for evaluation 59:
Active set vector = { 1 }
                      7.4860637598e-01 rmse



>>>>> Appending to global_kriging approximations.

<<<<< global_kriging approximation updates completed.

>>>>> Initiating global optimization
NCSU DIRECT succeeded with code 1
(maximum function evaluations exceeded)

Results of EGO iteration:
Final point =
                      9.1780637327e-01
                      7.4701440329e-01
                      9.9999154092e-01
Expected Improvement    =
                      3.1321396346e+00
                      3.5702826737e-02 [merit]

---------------------
Begin Evaluation   60
---------------------
Parameters for evaluation 60:
                      9.1780637327e-01 R
                      7.4701440329e-01 S
                      9.9999154092e-01 F

blocking fork: python model_command_line_driver.py params.in results.out

Active response data for evaluation 60:
Active set vector = { 1 }
                      7.3404546845e-01 rmse



>>>>> Appending to global_kriging approximations.

<<<<< global_kriging approximation updates completed.

>>>>> Initiating global optimization
NCSU DIRECT succeeded with code 1
(maximum function evaluations exceeded)

Results of EGO iteration:
Final point =
                      4.0610087715e-01
                      7.9044330133e-01
                      1.0084590764e-03
Expected Improvement    =
                      3.1007154560e+00
                      2.0108548313e-02 [merit]

---------------------
Begin Evaluation   61
---------------------
Parameters for evaluation 61:
                      4.0610087715e-01 R
                      7.9044330133e-01 S
                      1.0084590764e-03 F

blocking fork: python model_command_line_driver.py params.in results.out

Active response data for evaluation 61:
Active set vector = { 1 }
                      7.2362639935e-02 rmse



>>>>> Appending to global_kriging approximations.

<<<<< global_kriging approximation updates completed.

>>>>> Initiating global optimization
NCSU DIRECT succeeded with code 1
(maximum function evaluations exceeded)

Results of EGO iteration:
Final point =
                      5.5971438043e-02
                      8.7765637860e-01
                      4.6537791495e-01
Expected Improvement    =
                      2.5441999142e+00
                      2.6191810393e-01 [merit]

---------------------
Begin Evaluation   62
---------------------
Parameters for evaluation 62:
                      5.5971438043e-02 R
                      8.7765637860e-01 S
                      4.6537791495e-01 F

blocking fork: python model_command_line_driver.py params.in results.out

Active response data for evaluation 62:
Active set vector = { 1 }
                      1.2279089618e-01 rmse



>>>>> Appending to global_kriging approximations.

<<<<< global_kriging approximation updates completed.

>>>>> Initiating global optimization
NCSU DIRECT succeeded with code 1
(maximum function evaluations exceeded)

Results of EGO iteration:
Final point =
                      2.0485195118e-01
                      2.0466918153e-01
                      9.6710829142e-01
Expected Improvement    =
                      3.1608356789e+00
                      3.7735344868e-05 [merit]

---------------------
Begin Evaluation   63
---------------------
Parameters for evaluation 63:
                      2.0485195118e-01 R
                      2.0466918153e-01 S
                      9.6710829142e-01 F

blocking fork: python model_command_line_driver.py params.in results.out

Active response data for evaluation 63:
Active set vector = { 1 }
                      1.8021910725e+00 rmse



>>>>> Appending to global_kriging approximations.

<<<<< global_kriging approximation updates completed.

>>>>> Initiating global optimization
NCSU DIRECT succeeded with code 1
(maximum function evaluations exceeded)

Results of EGO iteration:
Final point =
                      7.2291368668e-01
                      1.9635345222e-02
                      9.5066384697e-01
Expected Improvement    =
                      2.9503106230e+00
                      1.2712886637e-05 [merit]

---------------------
Begin Evaluation   64
---------------------
Parameters for evaluation 64:
                      7.2291368668e-01 R
                      1.9635345222e-02 S
                      9.5066384697e-01 F

blocking fork: python model_command_line_driver.py params.in results.out

Active response data for evaluation 64:
Active set vector = { 1 }
                      2.3744676701e+01 rmse



>>>>> Appending to global_kriging approximations.

<<<<< global_kriging approximation updates completed.

>>>>> Initiating global optimization
NCSU DIRECT succeeded with code 1
(maximum function evaluations exceeded)

Results of EGO iteration:
Final point =
                      4.7741067673e-02
                      6.0530795610e-01
                      5.0161659808e-01
Expected Improvement    =
                      2.6015960766e+00
                      6.3078788935e-03 [merit]

---------------------
Begin Evaluation   65
---------------------
Parameters for evaluation 65:
                      4.7741067673e-02 R
                      6.0530795610e-01 S
                      5.0161659808e-01 F

blocking fork: python model_command_line_driver.py params.in results.out

Active response data for evaluation 65:
Active set vector = { 1 }
                      3.2268786182e-01 rmse



>>>>> Appending to global_kriging approximations.

<<<<< global_kriging approximation updates completed.

>>>>> Initiating global optimization
NCSU DIRECT succeeded with code 1
(maximum function evaluations exceeded)

Results of EGO iteration:
Final point =
                      8.7196354900e-01
                      1.9719935985e-02
                      1.9832487426e-01
Expected Improvement    =
                      2.4132042363e+00
                      1.9325673671e-04 [merit]

---------------------
Begin Evaluation   66
---------------------
Parameters for evaluation 66:
                      8.7196354900e-01 R
                      1.9719935985e-02 S
                      1.9832487426e-01 F

blocking fork: python model_command_line_driver.py params.in results.out

Active response data for evaluation 66:
Active set vector = { 1 }
                      8.6792954761e+00 rmse



>>>>> Appending to global_kriging approximations.

<<<<< global_kriging approximation updates completed.

>>>>> Initiating global optimization
NCSU DIRECT succeeded with code 1
(maximum function evaluations exceeded)

Results of EGO iteration:
Final point =
                      6.4611947645e-01
                      5.3257681756e-01
                      4.7649314129e-01
Expected Improvement    =
                      2.1354502975e+00
                      1.1052208986e-03 [merit]

---------------------
Begin Evaluation   67
---------------------
Parameters for evaluation 67:
                      6.4611947645e-01 R
                      5.3257681756e-01 S
                      4.7649314129e-01 F

blocking fork: python model_command_line_driver.py params.in results.out

Active response data for evaluation 67:
Active set vector = { 1 }
                      5.7795156715e-01 rmse



>>>>> Appending to global_kriging approximations.

<<<<< global_kriging approximation updates completed.

>>>>> Initiating global optimization
NCSU DIRECT succeeded with code 1
(maximum function evaluations exceeded)

Results of EGO iteration:
Final point =
                      3.1182418610e-01
                      7.2711865569e-01
                      4.7613786008e-01
Expected Improvement    =
                      1.7022741918e+00
                      3.2604207723e-03 [merit]

---------------------
Begin Evaluation   68
---------------------
Parameters for evaluation 68:
                      3.1182418610e-01 R
                      7.2711865569e-01 S
                      4.7613786008e-01 F

blocking fork: python model_command_line_driver.py params.in results.out

Active response data for evaluation 68:
Active set vector = { 1 }
                      2.7069163139e-01 rmse



>>>>> Appending to global_kriging approximations.

<<<<< global_kriging approximation updates completed.

>>>>> Initiating global optimization
NCSU DIRECT succeeded with code 1
(maximum function evaluations exceeded)

Results of EGO iteration:
Final point =
                      7.9126866255e-01
                      9.0734773663e-01
                      4.5634362140e-01
Expected Improvement    =
                      1.5835148694e+00
                      6.8874309051e-03 [merit]

---------------------
Begin Evaluation   69
---------------------
Parameters for evaluation 69:
                      7.9126866255e-01 R
                      9.0734773663e-01 S
                      4.5634362140e-01 F

blocking fork: python model_command_line_driver.py params.in results.out

Active response data for evaluation 69:
Active set vector = { 1 }
                      5.0315715033e-01 rmse



>>>>> Appending to global_kriging approximations.

<<<<< global_kriging approximation updates completed.

>>>>> Initiating global optimization
NCSU DIRECT succeeded with code 1
(maximum function evaluations exceeded)

Results of EGO iteration:
Final point =
                      9.9968356196e-02
                      2.4184400244e-01
                      9.1447264137e-02
Expected Improvement    =
                      1.5179731237e+00
                      1.3289579703e-04 [merit]

---------------------
Begin Evaluation   70
---------------------
Parameters for evaluation 70:
                      9.9968356196e-02 R
                      2.4184400244e-01 S
                      9.1447264137e-02 F

blocking fork: python model_command_line_driver.py params.in results.out

Active response data for evaluation 70:
Active set vector = { 1 }
                      3.9277446246e-01 rmse



>>>>> Appending to global_kriging approximations.

<<<<< global_kriging approximation updates completed.

>>>>> Initiating global optimization
NCSU DIRECT succeeded with code 1
(maximum function evaluations exceeded)

Results of EGO iteration:
Final point =
                      1.6473563227e-02
                      2.0442104862e-01
                      4.0662680994e-01
Expected Improvement    =
                      1.4315171239e+00
                      3.3412368776e-04 [merit]

---------------------
Begin Evaluation   71
---------------------
Parameters for evaluation 71:
                      1.6473563227e-02 R
                      2.0442104862e-01 S
                      4.0662680994e-01 F

blocking fork: python model_command_line_driver.py params.in results.out

Active response data for evaluation 71:
Active set vector = { 1 }
                      1.1371618056e+00 rmse



>>>>> Appending to global_kriging approximations.

<<<<< global_kriging approximation updates completed.

>>>>> Initiating global optimization
NCSU DIRECT succeeded with code 1
(maximum function evaluations exceeded)

Results of EGO iteration:
Final point =
                      9.0671964665e-01
                      5.6674820911e-02
                      9.7121940253e-01
Expected Improvement    =
                      1.3718571372e+00
                      3.5119253571e-03 [merit]

---------------------
Begin Evaluation   72
---------------------
Parameters for evaluation 72:
                      9.0671964665e-01 R
                      5.6674820911e-02 S
                      9.7121940253e-01 F

blocking fork: python model_command_line_driver.py params.in results.out

Active response data for evaluation 72:
Active set vector = { 1 }
                      6.9317730850e+00 rmse



>>>>> Appending to global_kriging approximations.

<<<<< global_kriging approximation updates completed.

>>>>> Initiating global optimization
NCSU DIRECT succeeded with code 4
(best rectangle reduced from original volume by prescribed fraction)

Results of EGO iteration:
Final point =
                      6.1058249090e-01
                      5.6704897627e-02
                      1.0009398974e-03
Expected Improvement    =
                      1.9588110923e+00
                      7.6442304747e-05 [merit]

---------------------
Begin Evaluation   73
---------------------
Parameters for evaluation 73:
                      6.1058249090e-01 R
                      5.6704897627e-02 S
                      1.0009398974e-03 F

blocking fork: python model_command_line_driver.py params.in results.out

Active response data for evaluation 73:
Active set vector = { 1 }
                      8.5596947196e-02 rmse



>>>>> Appending to global_kriging approximations.

<<<<< global_kriging approximation updates completed.

>>>>> Initiating global optimization
NCSU DIRECT succeeded with code 1
(maximum function evaluations exceeded)

Results of EGO iteration:
Final point =
                      9.4357253213e-02
                      1.6743796677e-01
                      8.6021940253e-01
Expected Improvement    =
                      1.3818272039e+00
                      1.7024665791e-07 [merit]

---------------------
Begin Evaluation   74
---------------------
Parameters for evaluation 74:
                      9.4357253213e-02 R
                      1.6743796677e-01 S
                      8.6021940253e-01 F

blocking fork: python model_command_line_driver.py params.in results.out

Active response data for evaluation 74:
Active set vector = { 1 }
                      2.0650156569e+00 rmse



>>>>> Appending to global_kriging approximations.

<<<<< global_kriging approximation updates completed.

>>>>> Initiating global optimization
NCSU DIRECT succeeded with code 1
(maximum function evaluations exceeded)

Results of EGO iteration:
Final point =
                      9.9999717751e-01
                      4.2581199512e-01
                      5.9092188691e-01
Expected Improvement    =
                      1.2002116547e+00
                      7.5177493133e-02 [merit]

---------------------
Begin Evaluation   75
---------------------
Parameters for evaluation 75:
                      9.9999717751e-01 R
                      4.2581199512e-01 S
                      5.9092188691e-01 F

blocking fork: python model_command_line_driver.py params.in results.out

Active response data for evaluation 75:
Active set vector = { 1 }
                      1.0167253298e+00 rmse



>>>>> Appending to global_kriging approximations.

<<<<< global_kriging approximation updates completed.

>>>>> Initiating global optimization
NCSU DIRECT succeeded with code 1
(maximum function evaluations exceeded)

Results of EGO iteration:
Final point =
                      9.8830643881e-01
                      7.6122565158e-01
                      9.9999154092e-01
Expected Improvement    =
                      1.2017807227e+00
                      3.7811172459e-01 [merit]

---------------------
Begin Evaluation   76
---------------------
Parameters for evaluation 76:
                      9.8830643881e-01 R
                      7.6122565158e-01 S
                      9.9999154092e-01 F

blocking fork: python model_command_line_driver.py params.in results.out

Active response data for evaluation 76:
Active set vector = { 1 }
                      7.7222607855e-01 rmse



>>>>> Appending to global_kriging approximations.

<<<<< global_kriging approximation updates completed.

>>>>> Initiating global optimization
NCSU DIRECT succeeded with code 1
(maximum function evaluations exceeded)

Results of EGO iteration:
Final point =
                      3.0064713992e-01
                      9.8221056241e-01
                      1.0084590764e-03
Expected Improvement    =
                      1.2103875383e+00
                      2.2825985366e-02 [merit]

---------------------
Begin Evaluation   77
---------------------
Parameters for evaluation 77:
                      3.0064713992e-01 R
                      9.8221056241e-01 S
                      1.0084590764e-03 F

blocking fork: python model_command_line_driver.py params.in results.out

Active response data for evaluation 77:
Active set vector = { 1 }
                      7.1213443115e-02 rmse



>>>>> Appending to global_kriging approximations.

<<<<< global_kriging approximation updates completed.

>>>>> Initiating global optimization
NCSU DIRECT succeeded with code 1
(maximum function evaluations exceeded)

Results of EGO iteration:
Final point =
                      7.8639140604e-01
                      9.0684019204e-01
                      1.0084590764e-03
Expected Improvement    =
                      1.0865824364e+00
                      3.2259050663e-02 [merit]

---------------------
Begin Evaluation   78
---------------------
Parameters for evaluation 78:
                      7.8639140604e-01 R
                      9.0684019204e-01 S
                      1.0084590764e-03 F

blocking fork: python model_command_line_driver.py params.in results.out

Active response data for evaluation 78:
Active set vector = { 1 }
                      7.4585606779e-02 rmse



>>>>> Appending to global_kriging approximations.

<<<<< global_kriging approximation updates completed.

>>>>> Initiating global optimization
NCSU DIRECT succeeded with code 1
(maximum function evaluations exceeded)

Results of EGO iteration:
Final point =
                      5.2211886145e-02
                      9.0929332419e-01
                      1.0084590764e-03
Expected Improvement    =
                      1.0144743767e+00
                      4.5893712934e-02 [merit]

---------------------
Begin Evaluation   79
---------------------
Parameters for evaluation 79:
                      5.2211886145e-02 R
                      9.0929332419e-01 S
                      1.0084590764e-03 F

blocking fork: python model_command_line_driver.py params.in results.out

Active response data for evaluation 79:
Active set vector = { 1 }
                      7.1234931221e-02 rmse



>>>>> Appending to global_kriging approximations.

<<<<< global_kriging approximation updates completed.

>>>>> Initiating global optimization
NCSU DIRECT succeeded with code 1
(maximum function evaluations exceeded)

Results of EGO iteration:
Final point =
                      2.7643020652e-01
                      5.1076931870e-01
                      4.0389734797e-01
Expected Improvement    =
                      9.6290761009e-01
                      2.8028063764e-04 [merit]

---------------------
Begin Evaluation   80
---------------------
Parameters for evaluation 80:
                      2.7643020652e-01 R
                      5.1076931870e-01 S
                      4.0389734797e-01 F

blocking fork: python model_command_line_driver.py params.in results.out

Active response data for evaluation 80:
Active set vector = { 1 }
                      4.4702000340e-01 rmse



>>>>> Appending to global_kriging approximations.

<<<<< global_kriging approximation updates completed.

>>>>> Initiating global optimization
NCSU DIRECT succeeded with code 4
(best rectangle reduced from original volume by prescribed fraction)

Results of EGO iteration:
Final point =
                      9.9522153051e-01
                      9.9999906010e-01
                      1.0009398974e-03
Expected Improvement    =
                      9.5487132420e-01
                      1.2161938453e-02 [merit]

---------------------
Begin Evaluation   81
---------------------
Parameters for evaluation 81:
                      9.9522153051e-01 R
                      9.9999906010e-01 S
                      1.0009398974e-03 F

blocking fork: python model_command_line_driver.py params.in results.out

Active response data for evaluation 81:
Active set vector = { 1 }
                      8.1256480268e-02 rmse



>>>>> Appending to global_kriging approximations.

<<<<< global_kriging approximation updates completed.

>>>>> Initiating global optimization
NCSU DIRECT succeeded with code 4
(best rectangle reduced from original volume by prescribed fraction)

Results of EGO iteration:
Final point =
                      9.6506044074e-01
                      1.4900093990e-01
                      1.0009398974e-03
Expected Improvement    =
                      8.9097299730e-01
                      4.2918286150e-02 [merit]

---------------------
Begin Evaluation   82
---------------------
Parameters for evaluation 82:
                      9.6506044074e-01 R
                      1.4900093990e-01 S
                      1.0009398974e-03 F

blocking fork: python model_command_line_driver.py params.in results.out

Active response data for evaluation 82:
Active set vector = { 1 }
                      9.1021566807e-02 rmse



>>>>> Appending to global_kriging approximations.

<<<<< global_kriging approximation updates completed.

>>>>> Initiating global optimization
NCSU DIRECT succeeded with code 1
(maximum function evaluations exceeded)

Results of EGO iteration:
Final point =
                      2.2223282249e-01
                      9.5732959915e-01
                      9.9999718031e-01
Expected Improvement    =
                      8.7246953230e-01
                      4.6787787287e-03 [merit]

---------------------
Begin Evaluation   83
---------------------
Parameters for evaluation 83:
                      2.2223282249e-01 R
                      9.5732959915e-01 S
                      9.9999718031e-01 F

blocking fork: python model_command_line_driver.py params.in results.out

Active response data for evaluation 83:
Active set vector = { 1 }
                      1.6002551880e-01 rmse



>>>>> Appending to global_kriging approximations.

<<<<< global_kriging approximation updates completed.

>>>>> Initiating global optimization
NCSU DIRECT succeeded with code 1
(maximum function evaluations exceeded)

Results of EGO iteration:
Final point =
                      5.0014047935e-01
                      9.3697142204e-01
                      9.9999154092e-01
Expected Improvement    =
                      6.9471687718e-01
                      3.8661029735e-02 [merit]

---------------------
Begin Evaluation   84
---------------------
Parameters for evaluation 84:
                      5.0014047935e-01 R
                      9.3697142204e-01 S
                      9.9999154092e-01 F

blocking fork: python model_command_line_driver.py params.in results.out

Active response data for evaluation 84:
Active set vector = { 1 }
                      3.4939934468e-01 rmse



>>>>> Appending to global_kriging approximations.

<<<<< global_kriging approximation updates completed.

>>>>> Initiating global optimization
NCSU DIRECT succeeded with code 1
(maximum function evaluations exceeded)

Results of EGO iteration:
Final point =
                      5.0012918940e-01
                      3.5455273586e-01
                      3.3810829142e-01
Expected Improvement    =
                      6.9418109988e-01
                      5.6881150475e-05 [merit]

---------------------
Begin Evaluation   85
---------------------
Parameters for evaluation 85:
                      5.0012918940e-01 R
                      3.5455273586e-01 S
                      3.3810829142e-01 F

blocking fork: python model_command_line_driver.py params.in results.out

Active response data for evaluation 85:
Active set vector = { 1 }
                      7.5335341628e-01 rmse



>>>>> Appending to global_kriging approximations.

<<<<< global_kriging approximation updates completed.

>>>>> Initiating global optimization
NCSU DIRECT succeeded with code 1
(maximum function evaluations exceeded)

Results of EGO iteration:
Final point =
                      8.3287775720e-01
                      1.9500000000e-02
                      6.7245610425e-01
Expected Improvement    =
                      6.4747003324e-01
                      1.4993594549e-04 [merit]

---------------------
Begin Evaluation   86
---------------------
Parameters for evaluation 86:
                      8.3287775720e-01 R
                      1.9500000000e-02 S
                      6.7245610425e-01 F

blocking fork: python model_command_line_driver.py params.in results.out

Active response data for evaluation 86:
Active set vector = { 1 }
                      1.8230420511e+01 rmse



>>>>> Appending to global_kriging approximations.

<<<<< global_kriging approximation updates completed.

>>>>> Initiating global optimization
NCSU DIRECT succeeded with code 1
(maximum function evaluations exceeded)

Results of EGO iteration:
Final point =
                      6.4095432632e-01
                      9.9999718031e-01
                      1.0028196921e-03
Expected Improvement    =
                      5.8944711115e+00
                      8.3829878275e-03 [merit]

---------------------
Begin Evaluation   87
---------------------
Parameters for evaluation 87:
                      6.4095432632e-01 R
                      9.9999718031e-01 S
                      1.0028196921e-03 F

blocking fork: python model_command_line_driver.py params.in results.out

Active response data for evaluation 87:
Active set vector = { 1 }
                      7.6106655933e-02 rmse



>>>>> Appending to global_kriging approximations.

<<<<< global_kriging approximation updates completed.

>>>>> Initiating global optimization
NCSU DIRECT succeeded with code 1
(maximum function evaluations exceeded)

Results of EGO iteration:
Final point =
                      9.9999717751e-01
                      1.0522100290e-02
                      1.0028196921e-03
Expected Improvement    =
                      3.2499063604e+00
                      1.9846287619e-01 [merit]

---------------------
Begin Evaluation   88
---------------------
Parameters for evaluation 88:
                      9.9999717751e-01 R
                      1.0522100290e-02 S
                      1.0028196921e-03 F

blocking fork: python model_command_line_driver.py params.in results.out

Active response data for evaluation 88:
Active set vector = { 1 }
                      2.3298656280e-01 rmse



>>>>> Appending to global_kriging approximations.

<<<<< global_kriging approximation updates completed.

>>>>> Initiating global optimization
NCSU DIRECT succeeded with code 1
(maximum function evaluations exceeded)

Results of EGO iteration:
Final point =
                      5.9966699512e-01
                      6.9642912666e-01
                      1.0084590764e-03
Expected Improvement    =
                      3.2526749265e+00
                      3.3454706166e-01 [merit]

---------------------
Begin Evaluation   89
---------------------
Parameters for evaluation 89:
                      5.9966699512e-01 R
                      6.9642912666e-01 S
                      1.0084590764e-03 F

blocking fork: python model_command_line_driver.py params.in results.out

Active response data for evaluation 89:
Active set vector = { 1 }
                      7.7031500047e-02 rmse



>>>>> Appending to global_kriging approximations.

<<<<< global_kriging approximation updates completed.

>>>>> Initiating global optimization
NCSU DIRECT succeeded with code 1
(maximum function evaluations exceeded)

Results of EGO iteration:
Final point =
                      9.3255668724e-01
                      5.4978257888e-01
                      9.9997462277e-01
Expected Improvement    =
                      2.7374802453e+00
                      1.6085568396e-01 [merit]

---------------------
Begin Evaluation   90
---------------------
Parameters for evaluation 90:
                      9.3255668724e-01 R
                      5.4978257888e-01 S
                      9.9997462277e-01 F

blocking fork: python model_command_line_driver.py params.in results.out

Active response data for evaluation 90:
Active set vector = { 1 }
                      9.1827461801e-01 rmse



>>>>> Appending to global_kriging approximations.

<<<<< global_kriging approximation updates completed.

>>>>> Initiating global optimization
NCSU DIRECT succeeded with code 1
(maximum function evaluations exceeded)

Results of EGO iteration:
Final point =
                      2.8017282350e-01
                      8.7466186557e-01
                      1.0253772291e-03
Expected Improvement    =
                      1.9485132883e+00
                      3.9552776537e-01 [merit]

---------------------
Begin Evaluation   91
---------------------
Parameters for evaluation 91:
                      2.8017282350e-01 R
                      8.7466186557e-01 S
                      1.0253772291e-03 F

blocking fork: python model_command_line_driver.py params.in results.out

Active response data for evaluation 91:
Active set vector = { 1 }
                      7.1179737620e-02 rmse



>>>>> Appending to global_kriging approximations.

<<<<< global_kriging approximation updates completed.

>>>>> Initiating global optimization
NCSU DIRECT succeeded with code 1
(maximum function evaluations exceeded)

Results of EGO iteration:
Final point =
                      6.6072302113e-01
                      9.9999718031e-01
                      6.3502187167e-01
Expected Improvement    =
                      1.5899568994e+00
                      9.9780612727e-01 [merit]

---------------------
Begin Evaluation   92
---------------------
Parameters for evaluation 92:
                      6.6072302113e-01 R
                      9.9999718031e-01 S
                      6.3502187167e-01 F

blocking fork: python model_command_line_driver.py params.in results.out

Active response data for evaluation 92:
Active set vector = { 1 }
                      4.2513396993e-01 rmse



>>>>> Appending to global_kriging approximations.

<<<<< global_kriging approximation updates completed.

>>>>> Initiating global optimization
NCSU DIRECT succeeded with code 1
(maximum function evaluations exceeded)

Results of EGO iteration:
Final point =
                      5.4832032236e-01
                      7.6437242798e-01
                      4.6273868313e-01
Expected Improvement    =
                      1.5771849775e+00
                      1.2391862561e+00 [merit]

---------------------
Begin Evaluation   93
---------------------
Parameters for evaluation 93:
                      5.4832032236e-01 R
                      7.6437242798e-01 S
                      4.6273868313e-01 F

blocking fork: python model_command_line_driver.py params.in results.out

Active response data for evaluation 93:
Active set vector = { 1 }
                      3.7801502984e-01 rmse



>>>>> Appending to global_kriging approximations.

<<<<< global_kriging approximation updates completed.

>>>>> Initiating global optimization
NCSU DIRECT succeeded with code 1
(maximum function evaluations exceeded)

Results of EGO iteration:
Final point =
                      7.5251027917e-01
                      9.9999718031e-01
                      9.9999718031e-01
Expected Improvement    =
                      1.5099359762e+00
                      1.0620630008e-03 [merit]

---------------------
Begin Evaluation   94
---------------------
Parameters for evaluation 94:
                      7.5251027917e-01 R
                      9.9999718031e-01 S
                      9.9999718031e-01 F

blocking fork: python model_command_line_driver.py params.in results.out

Active response data for evaluation 94:
Active set vector = { 1 }
                      5.2715417686e-01 rmse



>>>>> Appending to global_kriging approximations.

<<<<< global_kriging approximation updates completed.

>>>>> Initiating global optimization
NCSU DIRECT succeeded with code 1
(maximum function evaluations exceeded)

Results of EGO iteration:
Final point =
                      9.1521533074e-01
                      8.0917169639e-01
                      1.0084590764e-03
Expected Improvement    =
                      1.3549158132e+00
                      5.3486068950e-02 [merit]

---------------------
Begin Evaluation   95
---------------------
Parameters for evaluation 95:
                      9.1521533074e-01 R
                      8.0917169639e-01 S
                      1.0084590764e-03 F

blocking fork: python model_command_line_driver.py params.in results.out

Active response data for evaluation 95:
Active set vector = { 1 }
                      7.8882974509e-02 rmse



>>>>> Appending to global_kriging approximations.

<<<<< global_kriging approximation updates completed.

>>>>> Initiating global optimization
NCSU DIRECT succeeded with code 1
(maximum function evaluations exceeded)

Results of EGO iteration:
Final point =
                      8.5360609739e-01
                      5.4084979424e-01
                      5.7861111111e-01
Expected Improvement    =
                      1.1123770974e+00
                      2.9208195541e-02 [merit]

---------------------
Begin Evaluation   96
---------------------
Parameters for evaluation 96:
                      8.5360609739e-01 R
                      5.4084979424e-01 S
                      5.7861111111e-01 F

blocking fork: python model_command_line_driver.py params.in results.out

Active response data for evaluation 96:
Active set vector = { 1 }
                      7.3289566344e-01 rmse



>>>>> Appending to global_kriging approximations.

<<<<< global_kriging approximation updates completed.

>>>>> Initiating global optimization
NCSU DIRECT succeeded with code 1
(maximum function evaluations exceeded)

Results of EGO iteration:
Final point =
                      3.8215490245e-01
                      9.9999154092e-01
                      9.9999154092e-01
Expected Improvement    =
                      1.0759056682e+00
                      4.6061780094e-01 [merit]

---------------------
Begin Evaluation   97
---------------------
Parameters for evaluation 97:
                      3.8215490245e-01 R
                      9.9999154092e-01 S
                      9.9999154092e-01 F

blocking fork: python model_command_line_driver.py params.in results.out

Active response data for evaluation 97:
Active set vector = { 1 }
                      2.4130245554e-01 rmse



>>>>> Appending to global_kriging approximations.

<<<<< global_kriging approximation updates completed.

>>>>> Initiating global optimization
NCSU DIRECT succeeded with code 1
(maximum function evaluations exceeded)

Results of EGO iteration:
Final point =
                      9.0022792791e-01
                      2.1811911294e-01
                      1.0084590764e-03
Expected Improvement    =
                      9.9002354076e-01
                      9.6514532904e-02 [merit]

---------------------
Begin Evaluation   98
---------------------
Parameters for evaluation 98:
                      9.0022792791e-01 R
                      2.1811911294e-01 S
                      1.0084590764e-03 F

blocking fork: python model_command_line_driver.py params.in results.out

Active response data for evaluation 98:
Active set vector = { 1 }
                      8.8759848433e-02 rmse



>>>>> Appending to global_kriging approximations.

<<<<< global_kriging approximation updates completed.

>>>>> Initiating global optimization
NCSU DIRECT succeeded with code 1
(maximum function evaluations exceeded)

Results of EGO iteration:
Final point =
                      5.0787973708e-01
                      9.4510905350e-01
                      1.0084590764e-03
Expected Improvement    =
                      7.9191983402e-01
                      2.1972330130e-01 [merit]

---------------------
Begin Evaluation   99
---------------------
Parameters for evaluation 99:
                      5.0787973708e-01 R
                      9.4510905350e-01 S
                      1.0084590764e-03 F

blocking fork: python model_command_line_driver.py params.in results.out

Active response data for evaluation 99:
Active set vector = { 1 }
                      7.2878155945e-02 rmse



>>>>> Appending to global_kriging approximations.

<<<<< global_kriging approximation updates completed.

>>>>> Initiating global optimization
NCSU DIRECT succeeded with code 1
(maximum function evaluations exceeded)

Results of EGO iteration:
Final point =
                      8.4049847051e-01
                      5.7632716049e-01
                      1.0084590764e-03
Expected Improvement    =
                      7.2019827756e-01
                      2.8294986864e-04 [merit]

---------------------
Begin Evaluation  100
---------------------
Parameters for evaluation 100:
                      8.4049847051e-01 R
                      5.7632716049e-01 S
                      1.0084590764e-03 F

blocking fork: python model_command_line_driver.py params.in results.out

Active response data for evaluation 100:
Active set vector = { 1 }
                      8.1333690077e-02 rmse



>>>>> Appending to global_kriging approximations.

<<<<< global_kriging approximation updates completed.

>>>>> Initiating global optimization
NCSU DIRECT succeeded with code 1
(maximum function evaluations exceeded)

Results of EGO iteration:
Final point =
                      5.0007838465e-01
                      2.0402065234e-01
                      5.8478059747e-01
Expected Improvement    =
                      8.1318448404e-01
                      1.6541526827e-05 [merit]

---------------------
Begin Evaluation  101
---------------------
Parameters for evaluation 101:
                      5.0007838465e-01 R
                      2.0402065234e-01 S
                      5.8478059747e-01 F

blocking fork: python model_command_line_driver.py params.in results.out

Active response data for evaluation 101:
Active set vector = { 1 }
                      1.4866762332e+00 rmse



>>>>> Appending to global_kriging approximations.

<<<<< global_kriging approximation updates completed.

>>>>> Initiating global optimization
NCSU DIRECT succeeded with code 1
(maximum function evaluations exceeded)

Results of EGO iteration:
Final point =
                      8.7654726693e-01
                      5.2405807042e-02
                      1.0028196921e-03
Expected Improvement    =
                      6.3171219992e-01
                      2.7593173527e-03 [merit]

---------------------
Begin Evaluation  102
---------------------
Parameters for evaluation 102:
                      8.7654726693e-01 R
                      5.2405807042e-02 S
                      1.0028196921e-03 F

blocking fork: python model_command_line_driver.py params.in results.out

Active response data for evaluation 102:
Active set vector = { 1 }
                      1.0227885264e-01 rmse



>>>>> Appending to global_kriging approximations.

<<<<< global_kriging approximation updates completed.

>>>>> Initiating global optimization
NCSU DIRECT succeeded with code 1
(maximum function evaluations exceeded)

Results of EGO iteration:
Final point =
                      1.9595233196e-02
                      7.1727229081e-01
                      1.7775240055e-01
Expected Improvement    =
                      6.1165685549e-01
                      1.8824783926e-04 [merit]

---------------------
Begin Evaluation  103
---------------------
Parameters for evaluation 103:
                      1.9595233196e-02 R
                      7.1727229081e-01 S
                      1.7775240055e-01 F

blocking fork: python model_command_line_driver.py params.in results.out

Active response data for evaluation 103:
Active set vector = { 1 }
                      1.4746572046e-01 rmse



>>>>> Appending to global_kriging approximations.

<<<<< global_kriging approximation updates completed.

>>>>> Initiating global optimization
NCSU DIRECT succeeded with code 1
(maximum function evaluations exceeded)

Results of EGO iteration:
Final point =
                      8.1397838820e-01
                      8.4304183813e-01
                      9.9997462277e-01
Expected Improvement    =
                      5.6892612079e-01
                      4.2744467672e-03 [merit]

---------------------
Begin Evaluation  104
---------------------
Parameters for evaluation 104:
                      8.1397838820e-01 R
                      8.4304183813e-01 S
                      9.9997462277e-01 F

blocking fork: python model_command_line_driver.py params.in results.out

Active response data for evaluation 104:
Active set vector = { 1 }
                      6.1312298174e-01 rmse



>>>>> Appending to global_kriging approximations.

<<<<< global_kriging approximation updates completed.

>>>>> Initiating global optimization
NCSU DIRECT succeeded with code 1
(maximum function evaluations exceeded)

Results of EGO iteration:
Final point =
                      6.6430757888e-01
                      7.4975514403e-01
                      7.8294855967e-01
Expected Improvement    =
                      5.6767851463e-01
                      2.1664586908e-02 [merit]

---------------------
Begin Evaluation  105
---------------------
Parameters for evaluation 105:
                      6.6430757888e-01 R
                      7.4975514403e-01 S
                      7.8294855967e-01 F

blocking fork: python model_command_line_driver.py params.in results.out

Active response data for evaluation 105:
Active set vector = { 1 }
                      5.1883123151e-01 rmse



>>>>> Appending to global_kriging approximations.

<<<<< global_kriging approximation updates completed.

>>>>> Initiating global optimization
NCSU DIRECT succeeded with code 2
(maximum iterations reached)

Results of EGO iteration:
Final point =
                      1.9171860235e-02
                      3.6551569883e-01
                      5.5817634507e-02
Expected Improvement    =
                      6.3025995656e-01
                      1.1614765208e-03 [merit]

---------------------
Begin Evaluation  106
---------------------
Parameters for evaluation 106:
                      1.9171860235e-02 R
                      3.6551569883e-01 S
                      5.5817634507e-02 F

blocking fork: python model_command_line_driver.py params.in results.out

Active response data for evaluation 106:
Active set vector = { 1 }
                      1.9445238119e-01 rmse



>>>>> Appending to global_kriging approximations.

<<<<< global_kriging approximation updates completed.

>>>>> Initiating global optimization
NCSU DIRECT succeeded with code 2
(maximum iterations reached)

Results of EGO iteration:
Final point =
                      1.5536247447e-01
                      9.9999718031e-01
                      1.0028196921e-03
Expected Improvement    =
                      6.2401639871e-01
                      3.7457312787e-01 [merit]

---------------------
Begin Evaluation  107
---------------------
Parameters for evaluation 107:
                      1.5536247447e-01 R
                      9.9999718031e-01 S
                      1.0028196921e-03 F

blocking fork: python model_command_line_driver.py params.in results.out

Active response data for evaluation 107:
Active set vector = { 1 }
                      7.0246988868e-02 rmse



>>>>> Appending to global_kriging approximations.

<<<<< global_kriging approximation updates completed.

>>>>> Initiating global optimization
NCSU DIRECT succeeded with code 1
(maximum function evaluations exceeded)

Results of EGO iteration:
Final point =
                      9.9999717751e-01
                      4.8413123000e-02
                      2.4720705685e-01
Expected Improvement    =
                      5.7795645507e-01
                      3.0222907537e-02 [merit]

---------------------
Begin Evaluation  108
---------------------
Parameters for evaluation 108:
                      9.9999717751e-01 R
                      4.8413123000e-02 S
                      2.4720705685e-01 F

blocking fork: python model_command_line_driver.py params.in results.out

Active response data for evaluation 108:
Active set vector = { 1 }
                      4.3213058746e+00 rmse



>>>>> Appending to global_kriging approximations.

<<<<< global_kriging approximation updates completed.

>>>>> Initiating global optimization
NCSU DIRECT succeeded with code 1
(maximum function evaluations exceeded)

Results of EGO iteration:
Final point =
                      8.6810238759e-01
                      5.0498331047e-01
                      9.9999154092e-01
Expected Improvement    =
                      7.7971966300e-01
                      7.9066399249e-02 [merit]

---------------------
Begin Evaluation  109
---------------------
Parameters for evaluation 109:
                      8.6810238759e-01 R
                      5.0498331047e-01 S
                      9.9999154092e-01 F

blocking fork: python model_command_line_driver.py params.in results.out

Active response data for evaluation 109:
Active set vector = { 1 }
                      9.6105706133e-01 rmse



>>>>> Appending to global_kriging approximations.

<<<<< global_kriging approximation updates completed.

>>>>> Initiating global optimization
NCSU DIRECT succeeded with code 1
(maximum function evaluations exceeded)

Results of EGO iteration:
Final point =
                      9.2981323045e-01
                      3.8965226337e-01
                      6.4058230453e-01
Expected Improvement    =
                      6.0201777316e-01
                      1.6762588603e-02 [merit]
<<<<< Function evaluation summary: 109 total (109 new, 0 duplicate)
<<<<< Best parameters          =
                      1.5536247447e-01 R
                      9.9999718031e-01 S
                      1.0028196921e-03 F
<<<<< Best residual term  =
                      7.0246988868e-02
<<<<< Best residual norm =  7.0246988868e-02; 0.5 * norm^2 =  2.4673197225e-03
<<<<< Best data captured at function evaluation 107


<<<<< Iterator efficient_global completed.
<<<<< Environment execution completed.
DAKOTA execution time in seconds:
  Total CPU        =    93.6046 [parent =    93.6046, child =      8e-06]
  Total wall clock =    485.851
