Dakota version 6.11 released Nov 15 2019.
Repository revision c3efb375 (2019-11-07) built Nov  7 2019 17:32:45.
Running MPI Dakota executable in serial mode.
Start time: Tue May 26 16:32:37 2020

-----------------------
Begin DAKOTA input file
dakota_ego4.in
-----------------------
# Dakota input file, uses a moving average approach with a finer scale,
# combined with a second calibration term based on the std of bug find
# rates when at low commits (when there is much scatter, and we know N0
# controls this scatter), i.e., the first exploits the shape and the
# second exploits the distribution of the response.

# This version iterates on 3 by asking for a more discretised fit to scatter
# across the sampled space

# This attempts another EGO method, with better knowledge of the problem
# This iteration returns to just fitting the means, not the stds.

environment
  tabular_data
    tabular_data_file "dakota_ego4.dat"

method
  efficient_global

model
  single

variables
  continuous_design 3
  descriptors "R" "S" "F"
  lower_bounds 0.001 0.001 0.001
  upper_bounds 0.5 1 0.25
  initial_point 0.1 0.5 0.1

interface
  fork
    asynchronous
    evaluation_concurrency 4
    parameters_file "params.in"
    results_file "results.out"
    copy_files "template_dir/*"

    analysis_driver "python model_command_line_driver_ego4.py"

    work_directory
      named "EGO4/run"
      directory_tag
      directory_save
      file_save

responses
  calibration_terms 1
  response_descriptors "rmse"
  no_gradients
  no_hessians
---------------------
End DAKOTA input file
---------------------

Using Dakota input file 'dakota_ego4.in'
Writing new restart file 'dakota_ego4.rst'.

>>>>> Executing environment.

>>>>> Running efficient_global iterator.

>>>>> Building global_kriging approximations.

NonD lhs Samples = 10 Seed (system-generated) = 127650

---------------------
Begin Evaluation    1
---------------------
Parameters for evaluation 1:
                      4.8129829290e-01 R
                      5.4490710557e-01 S
                      2.1719968155e-01 F

(Asynchronous job 1 added to queue)

---------------------
Begin Evaluation    2
---------------------
Parameters for evaluation 2:
                      3.4779489547e-01 R
                      1.8846316835e-01 S
                      1.5322875182e-01 F

(Asynchronous job 2 added to queue)

---------------------
Begin Evaluation    3
---------------------
Parameters for evaluation 3:
                      6.0820180991e-02 R
                      3.6285423652e-01 S
                      3.7044203644e-02 F

(Asynchronous job 3 added to queue)

---------------------
Begin Evaluation    4
---------------------
Parameters for evaluation 4:
                      1.9076034197e-01 R
                      2.9909542873e-01 S
                      1.8234598883e-01 F

(Asynchronous job 4 added to queue)

---------------------
Begin Evaluation    5
---------------------
Parameters for evaluation 5:
                      3.8077932649e-01 R
                      2.4481770328e-02 S
                      6.6265970980e-02 F

(Asynchronous job 5 added to queue)

---------------------
Begin Evaluation    6
---------------------
Parameters for evaluation 6:
                      2.4682409279e-01 R
                      8.3984271464e-01 S
                      1.0567994933e-01 F

(Asynchronous job 6 added to queue)

---------------------
Begin Evaluation    7
---------------------
Parameters for evaluation 7:
                      4.5094453629e-02 R
                      6.2043435257e-01 S
                      2.3937387243e-01 F

(Asynchronous job 7 added to queue)

---------------------
Begin Evaluation    8
---------------------
Parameters for evaluation 8:
                      4.1385765786e-01 R
                      9.0597519228e-01 S
                      1.3324358243e-01 F

(Asynchronous job 8 added to queue)

---------------------
Begin Evaluation    9
---------------------
Parameters for evaluation 9:
                      1.2115888495e-01 R
                      4.9220915388e-01 S
                      8.3997352699e-02 F

(Asynchronous job 9 added to queue)

---------------------
Begin Evaluation   10
---------------------
Parameters for evaluation 10:
                      2.8034265851e-01 R
                      7.8112321939e-01 S
                      5.8504999798e-03 F

(Asynchronous job 10 added to queue)

Blocking synchronize of 10 asynchronous evaluations
First pass: initiating 4 local asynchronous jobs
Initiating evaluation 1
nonblocking fork: python model_command_line_driver_ego4.py params.in results.out
Initiating evaluation 2
nonblocking fork: python model_command_line_driver_ego4.py params.in results.out
Initiating evaluation 3
nonblocking fork: python model_command_line_driver_ego4.py params.in results.out
Initiating evaluation 4
nonblocking fork: python model_command_line_driver_ego4.py params.in results.out
Second pass: scheduling 6 remaining local asynchronous jobs
Waiting on completed jobs
Evaluation 3 has completed
Initiating evaluation 5
nonblocking fork: python model_command_line_driver_ego4.py params.in results.out
Waiting on completed jobs
Evaluation 4 has completed
Initiating evaluation 6
nonblocking fork: python model_command_line_driver_ego4.py params.in results.out
Waiting on completed jobs
Evaluation 2 has completed
Initiating evaluation 7
nonblocking fork: python model_command_line_driver_ego4.py params.in results.out
Waiting on completed jobs
Evaluation 1 has completed
Initiating evaluation 8
nonblocking fork: python model_command_line_driver_ego4.py params.in results.out
Waiting on completed jobs
Evaluation 7 has completed
Initiating evaluation 9
nonblocking fork: python model_command_line_driver_ego4.py params.in results.out
Waiting on completed jobs
Evaluation 6 has completed
Initiating evaluation 10
nonblocking fork: python model_command_line_driver_ego4.py params.in results.out
Waiting on completed jobs
Evaluation 5 has completed
Waiting on completed jobs
Evaluation 9 has completed
Waiting on completed jobs
Evaluation 10 has completed
Waiting on completed jobs
Evaluation 8 has completed

Active response data for evaluation 1:
Active set vector = { 1 }
                      3.1514201730e-01 rmse


Active response data for evaluation 2:
Active set vector = { 1 }
                      4.3132427054e-01 rmse


Active response data for evaluation 3:
Active set vector = { 1 }
                      3.2441423254e-02 rmse


Active response data for evaluation 4:
Active set vector = { 1 }
                      2.2896096953e-01 rmse


Active response data for evaluation 5:
Active set vector = { 1 }
                      1.7758896944e+00 rmse


Active response data for evaluation 6:
Active set vector = { 1 }
                      9.4776216799e-02 rmse


Active response data for evaluation 7:
Active set vector = { 1 }
                      5.0731530168e-02 rmse


Active response data for evaluation 8:
Active set vector = { 1 }
                      2.0010224307e-01 rmse


Active response data for evaluation 9:
Active set vector = { 1 }
                      5.4236045691e-02 rmse


Active response data for evaluation 10:
Active set vector = { 1 }
                      2.7831317093e-02 rmse


>>>>> Appending 10 points to global_kriging approximations.

<<<<< global_kriging approximation updates completed.
Constructing global approximations with no anchor, 10 DACE samples, and 0 reused points.

<<<<< global_kriging approximation builds completed.
Beginning Approximate Fn Evaluations...

>>>>> Initiating global optimization
NCSU DIRECT succeeded with code 1
(maximum function evaluations exceeded)

Results of EGO iteration:
Final point =
                      1.0014084348e-03
                      9.9999718031e-01
                      1.0007028061e-03
Expected Improvement    =
                      1.7105117250e-01
                      4.8917790200e-03 [merit]

---------------------
Begin Evaluation   11
---------------------
Parameters for evaluation 11:
                      1.0014084348e-03 R
                      9.9999718031e-01 S
                      1.0007028061e-03 F

blocking fork: python model_command_line_driver_ego4.py params.in results.out

Active response data for evaluation 11:
Active set vector = { 1 }
                      4.1057222339e-02 rmse



>>>>> Appending to global_kriging approximations.

<<<<< global_kriging approximation updates completed.

>>>>> Initiating global optimization
NCSU DIRECT succeeded with code 2
(maximum iterations reached)

Results of EGO iteration:
Final point =
                      1.0014084348e-03
                      9.9999718031e-01
                      2.4999929719e-01
Expected Improvement    =
                      8.6727449357e-02
                      6.6875058960e-03 [merit]

---------------------
Begin Evaluation   12
---------------------
Parameters for evaluation 12:
                      1.0014084348e-03 R
                      9.9999718031e-01 S
                      2.4999929719e-01 F

blocking fork: python model_command_line_driver_ego4.py params.in results.out

Active response data for evaluation 12:
Active set vector = { 1 }
                      4.1056169031e-02 rmse



>>>>> Appending to global_kriging approximations.

<<<<< global_kriging approximation updates completed.

>>>>> Initiating global optimization
NCSU DIRECT succeeded with code 1
(maximum function evaluations exceeded)

Results of EGO iteration:
Final point =
                      1.0042253044e-03
                      9.9999154092e-01
                      1.7731227455e-01
Expected Improvement    =
                      1.0527829534e-01
                      8.2051446901e-05 [merit]

---------------------
Begin Evaluation   13
---------------------
Parameters for evaluation 13:
                      1.0042253044e-03 R
                      9.9999154092e-01 S
                      1.7731227455e-01 F

blocking fork: python model_command_line_driver_ego4.py params.in results.out

Active response data for evaluation 13:
Active set vector = { 1 }
                      4.1056217744e-02 rmse



>>>>> Appending to global_kriging approximations.

<<<<< global_kriging approximation updates completed.

>>>>> Initiating global optimization
NCSU DIRECT succeeded with code 1
(maximum function evaluations exceeded)

Results of EGO iteration:
Final point =
                      4.9999577470e-01
                      4.5808619113e-01
                      1.0021084184e-03
Expected Improvement    =
                      1.0694923319e-01
                      2.2345116088e-02 [merit]

---------------------
Begin Evaluation   14
---------------------
Parameters for evaluation 14:
                      4.9999577470e-01 R
                      4.5808619113e-01 S
                      1.0021084184e-03 F

blocking fork: python model_command_line_driver_ego4.py params.in results.out

Active response data for evaluation 14:
Active set vector = { 1 }
                      3.0466228674e-02 rmse



>>>>> Appending to global_kriging approximations.

<<<<< global_kriging approximation updates completed.

>>>>> Initiating global optimization
NCSU DIRECT succeeded with code 1
(maximum function evaluations exceeded)

Results of EGO iteration:
Final point =
                      1.0042253044e-03
                      8.8902537723e-01
                      1.0021084184e-03
Expected Improvement    =
                      3.9527553831e-02
                      1.6333071822e-02 [merit]

---------------------
Begin Evaluation   15
---------------------
Parameters for evaluation 15:
                      1.0042253044e-03 R
                      8.8902537723e-01 S
                      1.0021084184e-03 F

blocking fork: python model_command_line_driver_ego4.py params.in results.out

Active response data for evaluation 15:
Active set vector = { 1 }
                      4.0941911663e-02 rmse



>>>>> Appending to global_kriging approximations.

<<<<< global_kriging approximation updates completed.

>>>>> Initiating global optimization
NCSU DIRECT succeeded with code 1
(maximum function evaluations exceeded)

Results of EGO iteration:
Final point =
                      4.9999577470e-01
                      2.6413648834e-01
                      1.0021084184e-03
Expected Improvement    =
                      3.8944579049e-02
                      1.9896209846e-03 [merit]

---------------------
Begin Evaluation   16
---------------------
Parameters for evaluation 16:
                      4.9999577470e-01 R
                      2.6413648834e-01 S
                      1.0021084184e-03 F

blocking fork: python model_command_line_driver_ego4.py params.in results.out

Active response data for evaluation 16:
Active set vector = { 1 }
                      2.9335660353e-02 rmse



>>>>> Appending to global_kriging approximations.

<<<<< global_kriging approximation updates completed.

>>>>> Initiating global optimization
NCSU DIRECT succeeded with code 1
(maximum function evaluations exceeded)

Results of EGO iteration:
Final point =
                      1.4655751156e-01
                      2.4632167353e-01
                      1.0063252553e-03
Expected Improvement    =
                      2.4745236441e-02
                      7.9346070219e-03 [merit]

---------------------
Begin Evaluation   17
---------------------
Parameters for evaluation 17:
                      1.4655751156e-01 R
                      2.4632167353e-01 S
                      1.0063252553e-03 F

blocking fork: python model_command_line_driver_ego4.py params.in results.out

Active response data for evaluation 17:
Active set vector = { 1 }
                      3.4740484621e-02 rmse



>>>>> Appending to global_kriging approximations.

<<<<< global_kriging approximation updates completed.

>>>>> Initiating global optimization
NCSU DIRECT succeeded with code 1
(maximum function evaluations exceeded)

Results of EGO iteration:
Final point =
                      4.9999577470e-01
                      6.3767238226e-01
                      1.0021084184e-03
Expected Improvement    =
                      2.4030079570e-02
                      7.0466930293e-04 [merit]

---------------------
Begin Evaluation   18
---------------------
Parameters for evaluation 18:
                      4.9999577470e-01 R
                      6.3767238226e-01 S
                      1.0021084184e-03 F

blocking fork: python model_command_line_driver_ego4.py params.in results.out

Active response data for evaluation 18:
Active set vector = { 1 }
                      3.1065936249e-02 rmse



>>>>> Appending to global_kriging approximations.

<<<<< global_kriging approximation updates completed.

>>>>> Initiating global optimization
NCSU DIRECT succeeded with code 1
(maximum function evaluations exceeded)

Results of EGO iteration:
Final point =
                      1.0126759132e-03
                      7.6472770919e-01
                      1.3774569425e-01
Expected Improvement    =
                      1.5307948073e-02
                      1.8089510080e-03 [merit]

---------------------
Begin Evaluation   19
---------------------
Parameters for evaluation 19:
                      1.0126759132e-03 R
                      7.6472770919e-01 S
                      1.3774569425e-01 F

blocking fork: python model_command_line_driver_ego4.py params.in results.out

Active response data for evaluation 19:
Active set vector = { 1 }
                      3.5061432319e-02 rmse



>>>>> Appending to global_kriging approximations.

<<<<< global_kriging approximation updates completed.

>>>>> Initiating global optimization
NCSU DIRECT succeeded with code 1
(maximum function evaluations exceeded)

Results of EGO iteration:
Final point =
                      2.6404914280e-01
                      9.9999718031e-01
                      2.4999929719e-01
Expected Improvement    =
                      1.5587884103e-02
                      8.8847646354e-03 [merit]

---------------------
Begin Evaluation   20
---------------------
Parameters for evaluation 20:
                      2.6404914280e-01 R
                      9.9999718031e-01 S
                      2.4999929719e-01 F

blocking fork: python model_command_line_driver_ego4.py params.in results.out

Active response data for evaluation 20:
Active set vector = { 1 }
                      1.2919311752e-01 rmse



>>>>> Appending to global_kriging approximations.

<<<<< global_kriging approximation updates completed.

>>>>> Initiating global optimization
NCSU DIRECT succeeded with code 1
(maximum function evaluations exceeded)

Results of EGO iteration:
Final point =
                      1.0014084348e-03
                      5.1609289742e-01
                      1.0007028061e-03
Expected Improvement    =
                      1.1775242385e-02
                      4.1280075889e-03 [merit]

---------------------
Begin Evaluation   21
---------------------
Parameters for evaluation 21:
                      1.0014084348e-03 R
                      5.1609289742e-01 S
                      1.0007028061e-03 F

blocking fork: python model_command_line_driver_ego4.py params.in results.out

Active response data for evaluation 21:
Active set vector = { 1 }
                      4.0285712676e-02 rmse



>>>>> Appending to global_kriging approximations.

<<<<< global_kriging approximation updates completed.

>>>>> Initiating global optimization
NCSU DIRECT succeeded with code 1
(maximum function evaluations exceeded)

Results of EGO iteration:
Final point =
                      3.3991870876e-01
                      9.9999718031e-01
                      1.0007028061e-03
Expected Improvement    =
                      1.6316340095e-02
                      1.4330371014e-02 [merit]

---------------------
Begin Evaluation   22
---------------------
Parameters for evaluation 22:
                      3.3991870876e-01 R
                      9.9999718031e-01 S
                      1.0007028061e-03 F

blocking fork: python model_command_line_driver_ego4.py params.in results.out

Active response data for evaluation 22:
Active set vector = { 1 }
                      3.3180800893e-02 rmse



>>>>> Appending to global_kriging approximations.

<<<<< global_kriging approximation updates completed.

>>>>> Initiating global optimization
NCSU DIRECT succeeded with code 1
(maximum function evaluations exceeded)

Results of EGO iteration:
Final point =
                      1.0014084348e-03
                      8.5395404664e-01
                      2.4999929719e-01
Expected Improvement    =
                      1.1556578726e-02
                      1.3180948409e-03 [merit]

---------------------
Begin Evaluation   23
---------------------
Parameters for evaluation 23:
                      1.0014084348e-03 R
                      8.5395404664e-01 S
                      2.4999929719e-01 F

blocking fork: python model_command_line_driver_ego4.py params.in results.out

Active response data for evaluation 23:
Active set vector = { 1 }
                      3.6973001438e-02 rmse



>>>>> Appending to global_kriging approximations.

<<<<< global_kriging approximation updates completed.

>>>>> Initiating global optimization
NCSU DIRECT succeeded with code 1
(maximum function evaluations exceeded)

Results of EGO iteration:
Final point =
                      2.4398458060e-01
                      4.1345610425e-01
                      1.0063252553e-03
Expected Improvement    =
                      8.4731029066e-03
                      2.2931082171e-03 [merit]

---------------------
Begin Evaluation   24
---------------------
Parameters for evaluation 24:
                      2.4398458060e-01 R
                      4.1345610425e-01 S
                      1.0063252553e-03 F

blocking fork: python model_command_line_driver_ego4.py params.in results.out

Active response data for evaluation 24:
Active set vector = { 1 }
                      3.3828253691e-02 rmse



>>>>> Appending to global_kriging approximations.

<<<<< global_kriging approximation updates completed.

>>>>> Initiating global optimization
NCSU DIRECT succeeded with code 1
(maximum function evaluations exceeded)

Results of EGO iteration:
Final point =
                      1.0014084348e-03
                      2.3839269928e-01
                      1.0007028061e-03
Expected Improvement    =
                      1.1118578610e-02
                      4.3136077055e-03 [merit]

---------------------
Begin Evaluation   25
---------------------
Parameters for evaluation 25:
                      1.0014084348e-03 R
                      2.3839269928e-01 S
                      1.0007028061e-03 F

blocking fork: python model_command_line_driver_ego4.py params.in results.out

Active response data for evaluation 25:
Active set vector = { 1 }
                      3.8589105406e-02 rmse



>>>>> Appending to global_kriging approximations.

<<<<< global_kriging approximation updates completed.

>>>>> Initiating global optimization
NCSU DIRECT succeeded with code 1
(maximum function evaluations exceeded)

Results of EGO iteration:
Final point =
                      1.0042253044e-03
                      9.9999154092e-01
                      2.0135246152e-01
Expected Improvement    =
                      1.3394299704e-01
                      6.1575439608e-03 [merit]

---------------------
Begin Evaluation   26
---------------------
Parameters for evaluation 26:
                      1.0042253044e-03 R
                      9.9999154092e-01 S
                      2.0135246152e-01 F

blocking fork: python model_command_line_driver_ego4.py params.in results.out

Active response data for evaluation 26:
Active set vector = { 1 }
                      4.1056324954e-02 rmse



>>>>> Appending to global_kriging approximations.

<<<<< global_kriging approximation updates completed.

>>>>> Initiating global optimization
NCSU DIRECT succeeded with code 1
(maximum function evaluations exceeded)

Results of EGO iteration:
Final point =
                      1.9444711172e-01
                      6.2865500686e-01
                      1.0063252553e-03
Expected Improvement    =
                      9.5206515316e-03
                      1.1242900561e-04 [merit]

---------------------
Begin Evaluation   27
---------------------
Parameters for evaluation 27:
                      1.9444711172e-01 R
                      6.2865500686e-01 S
                      1.0063252553e-03 F

blocking fork: python model_command_line_driver_ego4.py params.in results.out

Active response data for evaluation 27:
Active set vector = { 1 }
                      3.5657954058e-02 rmse



>>>>> Appending to global_kriging approximations.

<<<<< global_kriging approximation updates completed.

>>>>> Initiating global optimization
NCSU DIRECT succeeded with code 1
(maximum function evaluations exceeded)

Results of EGO iteration:
Final point =
                      1.0042253044e-03
                      1.0084590764e-03
                      1.0625435655e-01
Expected Improvement    =
                      9.9382436566e-02
                      2.1193129958e-03 [merit]

---------------------
Begin Evaluation   28
---------------------
Parameters for evaluation 28:
                      1.0042253044e-03 R
                      1.0084590764e-03 S
                      1.0625435655e-01 F

blocking fork: python model_command_line_driver_ego4.py params.in results.out

Active response data for evaluation 28:
Active set vector = { 1 }
                      5.9520115002e+01 rmse



>>>>> Appending to global_kriging approximations.

<<<<< global_kriging approximation updates completed.

>>>>> Initiating global optimization
NCSU DIRECT succeeded with code 1
(maximum function evaluations exceeded)

Results of EGO iteration:
Final point =
                      4.9999577470e-01
                      9.9999154092e-01
                      1.8011647107e-01
Expected Improvement    =
                      2.7949673551e+00
                      7.4760708571e-03 [merit]

---------------------
Begin Evaluation   29
---------------------
Parameters for evaluation 29:
                      4.9999577470e-01 R
                      9.9999154092e-01 S
                      1.8011647107e-01 F

blocking fork: python model_command_line_driver_ego4.py params.in results.out

Active response data for evaluation 29:
Active set vector = { 1 }
                      2.7128600148e-01 rmse



>>>>> Appending to global_kriging approximations.

<<<<< global_kriging approximation updates completed.

>>>>> Initiating global optimization
NCSU DIRECT succeeded with code 1
(maximum function evaluations exceeded)

Results of EGO iteration:
Final point =
                      4.9999577470e-01
                      1.3146433471e-01
                      3.7886780470e-02
Expected Improvement    =
                      2.3252277481e+00
                      1.2433618430e-02 [merit]

---------------------
Begin Evaluation   30
---------------------
Parameters for evaluation 30:
                      4.9999577470e-01 R
                      1.3146433471e-01 S
                      3.7886780470e-02 F

blocking fork: python model_command_line_driver_ego4.py params.in results.out

Active response data for evaluation 30:
Active set vector = { 1 }
                      2.8389204995e-01 rmse



>>>>> Appending to global_kriging approximations.

<<<<< global_kriging approximation updates completed.

>>>>> Initiating global optimization
NCSU DIRECT succeeded with code 1
(maximum function evaluations exceeded)

Results of EGO iteration:
Final point =
                      1.0126759132e-03
                      5.6947873800e-03
                      1.6533645786e-01
Expected Improvement    =
                      1.9180022695e+00
                      4.1567245077e-02 [merit]

---------------------
Begin Evaluation   31
---------------------
Parameters for evaluation 31:
                      1.0126759132e-03 R
                      5.6947873800e-03 S
                      1.6533645786e-01 F

blocking fork: python model_command_line_driver_ego4.py params.in results.out

Active response data for evaluation 31:
Active set vector = { 1 }
                      1.3950807759e+01 rmse



>>>>> Appending to global_kriging approximations.

<<<<< global_kriging approximation updates completed.

>>>>> Initiating global optimization
NCSU DIRECT succeeded with code 1
(maximum function evaluations exceeded)

Results of EGO iteration:
Final point =
                      4.7379888736e-01
                      9.9997462277e-01
                      2.2575529645e-01
Expected Improvement    =
                      2.1448125664e+00
                      6.0990321037e-02 [merit]

---------------------
Begin Evaluation   32
---------------------
Parameters for evaluation 32:
                      4.7379888736e-01 R
                      9.9997462277e-01 S
                      2.2575529645e-01 F

blocking fork: python model_command_line_driver_ego4.py params.in results.out

Active response data for evaluation 32:
Active set vector = { 1 }
                      2.6967551988e-01 rmse



>>>>> Appending to global_kriging approximations.

<<<<< global_kriging approximation updates completed.

>>>>> Initiating global optimization
NCSU DIRECT succeeded with code 1
(maximum function evaluations exceeded)

Results of EGO iteration:
Final point =
                      4.9999577470e-01
                      4.8319272977e-01
                      8.8598460601e-02
Expected Improvement    =
                      2.0860919048e+00
                      1.6488251018e-04 [merit]

---------------------
Begin Evaluation   33
---------------------
Parameters for evaluation 33:
                      4.9999577470e-01 R
                      4.8319272977e-01 S
                      8.8598460601e-02 F

blocking fork: python model_command_line_driver_ego4.py params.in results.out

Active response data for evaluation 33:
Active set vector = { 1 }
                      2.4914175702e-01 rmse



>>>>> Appending to global_kriging approximations.

<<<<< global_kriging approximation updates completed.

>>>>> Initiating global optimization
NCSU DIRECT succeeded with code 1
(maximum function evaluations exceeded)

Results of EGO iteration:
Final point =
                      1.0042253044e-03
                      4.3553429355e-01
                      2.1049034700e-01
Expected Improvement    =
                      1.4856588230e+00
                      1.5491517906e-02 [merit]

---------------------
Begin Evaluation   34
---------------------
Parameters for evaluation 34:
                      1.0042253044e-03 R
                      4.3553429355e-01 S
                      2.1049034700e-01 F

blocking fork: python model_command_line_driver_ego4.py params.in results.out

Active response data for evaluation 34:
Active set vector = { 1 }
                      1.0581146529e-01 rmse



>>>>> Appending to global_kriging approximations.

<<<<< global_kriging approximation updates completed.

>>>>> Initiating global optimization
NCSU DIRECT succeeded with code 1
(maximum function evaluations exceeded)

Results of EGO iteration:
Final point =
                      4.9999577470e-01
                      1.3515249200e-01
                      1.7079304476e-01
Expected Improvement    =
                      1.3853942301e+00
                      4.7691332058e-03 [merit]

---------------------
Begin Evaluation   35
---------------------
Parameters for evaluation 35:
                      4.9999577470e-01 R
                      1.3515249200e-01 S
                      1.7079304476e-01 F

blocking fork: python model_command_line_driver_ego4.py params.in results.out

Active response data for evaluation 35:
Active set vector = { 1 }
                      6.9209489318e-01 rmse



>>>>> Appending to global_kriging approximations.

<<<<< global_kriging approximation updates completed.

>>>>> Initiating global optimization
NCSU DIRECT succeeded with code 1
(maximum function evaluations exceeded)

Results of EGO iteration:
Final point =
                      1.0014084348e-03
                      9.9999718031e-01
                      2.3612787685e-02
Expected Improvement    =
                      1.3285485345e+00
                      1.1921704557e+00 [merit]

---------------------
Begin Evaluation   36
---------------------
Parameters for evaluation 36:
                      1.0014084348e-03 R
                      9.9999718031e-01 S
                      2.3612787685e-02 F

blocking fork: python model_command_line_driver_ego4.py params.in results.out

Active response data for evaluation 36:
Active set vector = { 1 }
                      4.1056656641e-02 rmse



>>>>> Appending to global_kriging approximations.

<<<<< global_kriging approximation updates completed.

>>>>> Initiating global optimization
NCSU DIRECT succeeded with code 1
(maximum function evaluations exceeded)

Results of EGO iteration:
Final point =
                      1.0042253044e-03
                      1.3472953818e-01
                      5.6221587156e-02
Expected Improvement    =
                      1.1885134396e+00
                      1.1115168633e-03 [merit]

---------------------
Begin Evaluation   37
---------------------
Parameters for evaluation 37:
                      1.0042253044e-03 R
                      1.3472953818e-01 S
                      5.6221587156e-02 F

blocking fork: python model_command_line_driver_ego4.py params.in results.out

Active response data for evaluation 37:
Active set vector = { 1 }
                      2.2627224100e-01 rmse



>>>>> Appending to global_kriging approximations.

<<<<< global_kriging approximation updates completed.

>>>>> Initiating global optimization
NCSU DIRECT succeeded with code 1
(maximum function evaluations exceeded)

Results of EGO iteration:
Final point =
                      1.0014084348e-03
                      9.9999718031e-01
                      1.3836556927e-01
Expected Improvement    =
                      9.6305159705e-01
                      1.8012757536e-03 [merit]

---------------------
Begin Evaluation   38
---------------------
Parameters for evaluation 38:
                      1.0014084348e-03 R
                      9.9999718031e-01 S
                      1.3836556927e-01 F

blocking fork: python model_command_line_driver_ego4.py params.in results.out

Active response data for evaluation 38:
Active set vector = { 1 }
                      4.1056705356e-02 rmse



>>>>> Appending to global_kriging approximations.

<<<<< global_kriging approximation updates completed.

>>>>> Initiating global optimization
NCSU DIRECT succeeded with code 1
(maximum function evaluations exceeded)

Results of EGO iteration:
Final point =
                      4.9999859157e-01
                      9.9999718031e-01
                      1.1633681349e-01
Expected Improvement    =
                      8.5672056714e-01
                      2.4127063587e-03 [merit]

---------------------
Begin Evaluation   39
---------------------
Parameters for evaluation 39:
                      4.9999859157e-01 R
                      9.9999718031e-01 S
                      1.1633681349e-01 F

blocking fork: python model_command_line_driver_ego4.py params.in results.out

Active response data for evaluation 39:
Active set vector = { 1 }
                      2.3789461064e-01 rmse



>>>>> Appending to global_kriging approximations.

<<<<< global_kriging approximation updates completed.

>>>>> Initiating global optimization
NCSU DIRECT succeeded with code 1
(maximum function evaluations exceeded)

Results of EGO iteration:
Final point =
                      4.9999577470e-01
                      3.9146250572e-01
                      1.9512419347e-01
Expected Improvement    =
                      7.7321898950e-01
                      3.2408704314e-03 [merit]

---------------------
Begin Evaluation   40
---------------------
Parameters for evaluation 40:
                      4.9999577470e-01 R
                      3.9146250572e-01 S
                      1.9512419347e-01 F

blocking fork: python model_command_line_driver_ego4.py params.in results.out

Active response data for evaluation 40:
Active set vector = { 1 }
                      3.6268003016e-01 rmse



>>>>> Appending to global_kriging approximations.

<<<<< global_kriging approximation updates completed.

>>>>> Initiating global optimization
NCSU DIRECT succeeded with code 1
(maximum function evaluations exceeded)

Results of EGO iteration:
Final point =
                      4.9999577470e-01
                      4.7855715592e-01
                      2.3486282579e-02
Expected Improvement    =
                      6.9709336676e-01
                      3.8018331862e-02 [merit]

---------------------
Begin Evaluation   41
---------------------
Parameters for evaluation 41:
                      4.9999577470e-01 R
                      4.7855715592e-01 S
                      2.3486282579e-02 F

blocking fork: python model_command_line_driver_ego4.py params.in results.out

Active response data for evaluation 41:
Active set vector = { 1 }
                      1.2530371807e-01 rmse



>>>>> Appending to global_kriging approximations.

<<<<< global_kriging approximation updates completed.

>>>>> Initiating global optimization
NCSU DIRECT succeeded with code 1
(maximum function evaluations exceeded)

Results of EGO iteration:
Final point =
                      1.0042253044e-03
                      9.3421376315e-01
                      1.0739711934e-01
Expected Improvement    =
                      7.0502649671e-01
                      9.7635671275e-05 [merit]

---------------------
Begin Evaluation   42
---------------------
Parameters for evaluation 42:
                      1.0042253044e-03 R
                      9.3421376315e-01 S
                      1.0739711934e-01 F

blocking fork: python model_command_line_driver_ego4.py params.in results.out

Active response data for evaluation 42:
Active set vector = { 1 }
                      3.8760732502e-02 rmse



>>>>> Appending to global_kriging approximations.

<<<<< global_kriging approximation updates completed.

>>>>> Initiating global optimization
NCSU DIRECT succeeded with code 1
(maximum function evaluations exceeded)

Results of EGO iteration:
Final point =
                      1.0042253044e-03
                      2.9496136260e-01
                      1.6021300107e-01
Expected Improvement    =
                      6.4510382782e-01
                      1.2467768655e-03 [merit]

---------------------
Begin Evaluation   43
---------------------
Parameters for evaluation 43:
                      1.0042253044e-03 R
                      2.9496136260e-01 S
                      1.6021300107e-01 F

blocking fork: python model_command_line_driver_ego4.py params.in results.out

Active response data for evaluation 43:
Active set vector = { 1 }
                      1.7426427903e-01 rmse



>>>>> Appending to global_kriging approximations.

<<<<< global_kriging approximation updates completed.

>>>>> Initiating global optimization
NCSU DIRECT succeeded with code 1
(maximum function evaluations exceeded)

Results of EGO iteration:
Final point =
                      4.9999577470e-01
                      9.0743232739e-01
                      2.0127234161e-01
Expected Improvement    =
                      6.0366558665e-01
                      1.8962987210e-03 [merit]

---------------------
Begin Evaluation   44
---------------------
Parameters for evaluation 44:
                      4.9999577470e-01 R
                      9.0743232739e-01 S
                      2.0127234161e-01 F

blocking fork: python model_command_line_driver_ego4.py params.in results.out

Active response data for evaluation 44:
Active set vector = { 1 }
                      2.8313999633e-01 rmse



>>>>> Appending to global_kriging approximations.

<<<<< global_kriging approximation updates completed.

>>>>> Initiating global optimization
NCSU DIRECT succeeded with code 1
(maximum function evaluations exceeded)

Results of EGO iteration:
Final point =
                      4.7957910380e-01
                      8.0654938272e-01
                      2.3715340649e-01
Expected Improvement    =
                      4.3214635515e-01
                      3.7553329933e-02 [merit]

---------------------
Begin Evaluation   45
---------------------
Parameters for evaluation 45:
                      4.7957910380e-01 R
                      8.0654938272e-01 S
                      2.3715340649e-01 F

blocking fork: python model_command_line_driver_ego4.py params.in results.out

Active response data for evaluation 45:
Active set vector = { 1 }
                      2.8802455346e-01 rmse



>>>>> Appending to global_kriging approximations.

<<<<< global_kriging approximation updates completed.

>>>>> Initiating global optimization
NCSU DIRECT succeeded with code 4
(best rectangle reduced from original volume by prescribed fraction)

Results of EGO iteration:
Final point =
                      4.9999953052e-01
                      3.4633239344e-01
                      1.4366425906e-01
Expected Improvement    =
                      5.1702303927e-01
                      8.0170310555e-04 [merit]

---------------------
Begin Evaluation   46
---------------------
Parameters for evaluation 46:
                      4.9999953052e-01 R
                      3.4633239344e-01 S
                      1.4366425906e-01 F

blocking fork: python model_command_line_driver_ego4.py params.in results.out

Active response data for evaluation 46:
Active set vector = { 1 }
                      3.4102316181e-01 rmse



>>>>> Appending to global_kriging approximations.

<<<<< global_kriging approximation updates completed.

>>>>> Initiating global optimization
NCSU DIRECT succeeded with code 1
(maximum function evaluations exceeded)

Results of EGO iteration:
Final point =
                      4.9999859157e-01
                      9.9999718031e-01
                      1.3603422581e-02
Expected Improvement    =
                      3.6195020343e-01
                      2.9443981960e-01 [merit]

---------------------
Begin Evaluation   47
---------------------
Parameters for evaluation 47:
                      4.9999859157e-01 R
                      9.9999718031e-01 S
                      1.3603422581e-02 F

blocking fork: python model_command_line_driver_ego4.py params.in results.out

Active response data for evaluation 47:
Active set vector = { 1 }
                      8.5106823962e-02 rmse



>>>>> Appending to global_kriging approximations.

<<<<< global_kriging approximation updates completed.

>>>>> Initiating global optimization
NCSU DIRECT succeeded with code 1
(maximum function evaluations exceeded)

Results of EGO iteration:
Final point =
                      1.0042253044e-03
                      4.3599108368e-01
                      1.8891279277e-01
Expected Improvement    =
                      3.2074580401e-01
                      9.8171032320e-04 [merit]

---------------------
Begin Evaluation   48
---------------------
Parameters for evaluation 48:
                      1.0042253044e-03 R
                      4.3599108368e-01 S
                      1.8891279277e-01 F

blocking fork: python model_command_line_driver_ego4.py params.in results.out

Active response data for evaluation 48:
Active set vector = { 1 }
                      1.0183740535e-01 rmse



>>>>> Appending to global_kriging approximations.

<<<<< global_kriging approximation updates completed.

>>>>> Initiating global optimization
NCSU DIRECT succeeded with code 2
(maximum iterations reached)

Results of EGO iteration:
Final point =
                      1.0014084348e-03
                      7.8622504191e-01
                      9.7460846077e-02
Expected Improvement    =
                      3.0081827559e-01
                      1.3820301476e-03 [merit]

---------------------
Begin Evaluation   49
---------------------
Parameters for evaluation 49:
                      1.0014084348e-03 R
                      7.8622504191e-01 S
                      9.7460846077e-02 F

blocking fork: python model_command_line_driver_ego4.py params.in results.out

Active response data for evaluation 49:
Active set vector = { 1 }
                      3.4973086663e-02 rmse



>>>>> Appending to global_kriging approximations.

<<<<< global_kriging approximation updates completed.

>>>>> Initiating global optimization
NCSU DIRECT succeeded with code 1
(maximum function evaluations exceeded)

Results of EGO iteration:
Final point =
                      4.9999859157e-01
                      9.9663846975e-02
                      7.0298794222e-02
Expected Improvement    =
                      2.5600099641e-01
                      4.9693903815e-04 [merit]

---------------------
Begin Evaluation   50
---------------------
Parameters for evaluation 50:
                      4.9999859157e-01 R
                      9.9663846975e-02 S
                      7.0298794222e-02 F

blocking fork: python model_command_line_driver_ego4.py params.in results.out

Active response data for evaluation 50:
Active set vector = { 1 }
                      5.1997537481e-01 rmse



>>>>> Appending to global_kriging approximations.

<<<<< global_kriging approximation updates completed.

>>>>> Initiating global optimization
NCSU DIRECT succeeded with code 1
(maximum function evaluations exceeded)

Results of EGO iteration:
Final point =
                      2.3828041965e-01
                      9.9352880658e-01
                      1.9137120866e-01
Expected Improvement    =
                      2.2390563572e-01
                      4.0478795658e-04 [merit]

---------------------
Begin Evaluation   51
---------------------
Parameters for evaluation 51:
                      2.3828041965e-01 R
                      9.9352880658e-01 S
                      1.9137120866e-01 F

blocking fork: python model_command_line_driver_ego4.py params.in results.out

Active response data for evaluation 51:
Active set vector = { 1 }
                      1.0378406203e-01 rmse



>>>>> Appending to global_kriging approximations.

<<<<< global_kriging approximation updates completed.

>>>>> Initiating global optimization
NCSU DIRECT succeeded with code 1
(maximum function evaluations exceeded)

Results of EGO iteration:
Final point =
                      1.0014084348e-03
                      2.7781199512e-01
                      7.0239758506e-02
Expected Improvement    =
                      2.0882279405e-01
                      4.0628519873e-05 [merit]

---------------------
Begin Evaluation   52
---------------------
Parameters for evaluation 52:
                      1.0014084348e-03 R
                      2.7781199512e-01 S
                      7.0239758506e-02 F

blocking fork: python model_command_line_driver_ego4.py params.in results.out

Active response data for evaluation 52:
Active set vector = { 1 }
                      9.9515214798e-02 rmse



>>>>> Appending to global_kriging approximations.

<<<<< global_kriging approximation updates completed.

>>>>> Initiating global optimization
NCSU DIRECT succeeded with code 1
(maximum function evaluations exceeded)

Results of EGO iteration:
Final point =
                      2.5704077122e-01
                      7.1229835391e-01
                      2.4254252401e-01
Expected Improvement    =
                      1.9917142663e-01
                      9.0422328971e-05 [merit]

---------------------
Begin Evaluation   53
---------------------
Parameters for evaluation 53:
                      2.5704077122e-01 R
                      7.1229835391e-01 S
                      2.4254252401e-01 F

blocking fork: python model_command_line_driver_ego4.py params.in results.out

Active response data for evaluation 53:
Active set vector = { 1 }
                      1.4281272410e-01 rmse



>>>>> Appending to global_kriging approximations.

<<<<< global_kriging approximation updates completed.

>>>>> Initiating global optimization
NCSU DIRECT succeeded with code 1
(maximum function evaluations exceeded)

Results of EGO iteration:
Final point =
                      1.8126416197e-01
                      4.3365637860e-01
                      1.4394444444e-01
Expected Improvement    =
                      1.7585016636e-01
                      6.0208379001e-05 [merit]

---------------------
Begin Evaluation   54
---------------------
Parameters for evaluation 54:
                      1.8126416197e-01 R
                      4.3365637860e-01 S
                      1.4394444444e-01 F

blocking fork: python model_command_line_driver_ego4.py params.in results.out

Active response data for evaluation 54:
Active set vector = { 1 }
                      1.2537794655e-01 rmse



>>>>> Appending to global_kriging approximations.

<<<<< global_kriging approximation updates completed.

>>>>> Initiating global optimization
NCSU DIRECT succeeded with code 1
(maximum function evaluations exceeded)

Results of EGO iteration:
Final point =
                      1.0014084348e-03
                      6.0533051364e-01
                      3.2403486935e-02
Expected Improvement    =
                      1.6366221756e-01
                      6.4083012357e-03 [merit]

---------------------
Begin Evaluation   55
---------------------
Parameters for evaluation 55:
                      1.0014084348e-03 R
                      6.0533051364e-01 S
                      3.2403486935e-02 F

blocking fork: python model_command_line_driver_ego4.py params.in results.out

Active response data for evaluation 55:
Active set vector = { 1 }
                      3.2846786244e-02 rmse



>>>>> Appending to global_kriging approximations.

<<<<< global_kriging approximation updates completed.

>>>>> Initiating global optimization
NCSU DIRECT succeeded with code 1
(maximum function evaluations exceeded)

Results of EGO iteration:
Final point =
                      1.6732910803e-01
                      4.7419227252e-01
                      2.2540951583e-01
Expected Improvement    =
                      1.5292905735e-01
                      7.4862192585e-03 [merit]

---------------------
Begin Evaluation   56
---------------------
Parameters for evaluation 56:
                      1.6732910803e-01 R
                      4.7419227252e-01 S
                      2.2540951583e-01 F

blocking fork: python model_command_line_driver_ego4.py params.in results.out

Active response data for evaluation 56:
Active set vector = { 1 }
                      1.3441758410e-01 rmse



>>>>> Appending to global_kriging approximations.

<<<<< global_kriging approximation updates completed.

>>>>> Initiating global optimization
NCSU DIRECT succeeded with code 1
(maximum function evaluations exceeded)

Results of EGO iteration:
Final point =
                      2.9669947840e-01
                      1.3155692730e-02
                      5.0739699233e-02
Expected Improvement    =
                      1.4838590596e-01
                      1.7097949254e-04 [merit]

---------------------
Begin Evaluation   57
---------------------
Parameters for evaluation 57:
                      2.9669947840e-01 R
                      1.3155692730e-02 S
                      5.0739699233e-02 F

blocking fork: python model_command_line_driver_ego4.py params.in results.out

Active response data for evaluation 57:
Active set vector = { 1 }
                      2.6592302590e+00 rmse



>>>>> Appending to global_kriging approximations.

<<<<< global_kriging approximation updates completed.

>>>>> Initiating global optimization
NCSU DIRECT succeeded with code 1
(maximum function evaluations exceeded)

Results of EGO iteration:
Final point =
                      4.9999859157e-01
                      9.9999718031e-01
                      4.6757599621e-02
Expected Improvement    =
                      2.5230434180e+00
                      1.4947396312e-01 [merit]

---------------------
Begin Evaluation   58
---------------------
Parameters for evaluation 58:
                      4.9999859157e-01 R
                      9.9999718031e-01 S
                      4.6757599621e-02 F

blocking fork: python model_command_line_driver_ego4.py params.in results.out

Active response data for evaluation 58:
Active set vector = { 1 }
                      1.6647169121e-01 rmse



>>>>> Appending to global_kriging approximations.

<<<<< global_kriging approximation updates completed.

>>>>> Initiating global optimization
NCSU DIRECT succeeded with code 1
(maximum function evaluations exceeded)

Results of EGO iteration:
Final point =
                      1.0014084348e-03
                      9.9999718031e-01
                      5.1436882928e-02
Expected Improvement    =
                      1.5483245774e+00
                      7.7853116557e-02 [merit]

---------------------
Begin Evaluation   59
---------------------
Parameters for evaluation 59:
                      1.0014084348e-03 R
                      9.9999718031e-01 S
                      5.1436882928e-02 F

blocking fork: python model_command_line_driver_ego4.py params.in results.out

Active response data for evaluation 59:
Active set vector = { 1 }
                      4.1056412202e-02 rmse



>>>>> Appending to global_kriging approximations.

<<<<< global_kriging approximation updates completed.

>>>>> Initiating global optimization
NCSU DIRECT succeeded with code 1
(maximum function evaluations exceeded)

Results of EGO iteration:
Final point =
                      4.9999577470e-01
                      1.3489871971e-01
                      1.8641137022e-02
Expected Improvement    =
                      5.2674836556e-01
                      4.0575016747e-01 [merit]

---------------------
Begin Evaluation   60
---------------------
Parameters for evaluation 60:
                      4.9999577470e-01 R
                      1.3489871971e-01 S
                      1.8641137022e-02 F

blocking fork: python model_command_line_driver_ego4.py params.in results.out

Active response data for evaluation 60:
Active set vector = { 1 }
                      1.6327922933e-01 rmse



>>>>> Appending to global_kriging approximations.

<<<<< global_kriging approximation updates completed.

>>>>> Initiating global optimization
NCSU DIRECT succeeded with code 1
(maximum function evaluations exceeded)

Results of EGO iteration:
Final point =
                      2.6669981710e-01
                      7.9634773663e-01
                      4.0830132602e-02
Expected Improvement    =
                      4.3886562344e-01
                      4.2001833210e-03 [merit]

---------------------
Begin Evaluation   61
---------------------
Parameters for evaluation 61:
                      2.6669981710e-01 R
                      7.9634773663e-01 S
                      4.0830132602e-02 F

blocking fork: python model_command_line_driver_ego4.py params.in results.out

Active response data for evaluation 61:
Active set vector = { 1 }
                      6.8362300405e-02 rmse



>>>>> Appending to global_kriging approximations.

<<<<< global_kriging approximation updates completed.

>>>>> Initiating global optimization
NCSU DIRECT succeeded with code 1
(maximum function evaluations exceeded)

Results of EGO iteration:
Final point =
                      4.9999577470e-01
                      8.7984682213e-02
                      5.4636056495e-02
Expected Improvement    =
                      3.2270853127e-01
                      3.9803799943e-03 [merit]

---------------------
Begin Evaluation   62
---------------------
Parameters for evaluation 62:
                      4.9999577470e-01 R
                      8.7984682213e-02 S
                      5.4636056495e-02 F

blocking fork: python model_command_line_driver_ego4.py params.in results.out

Active response data for evaluation 62:
Active set vector = { 1 }
                      4.8735074560e-01 rmse



>>>>> Appending to global_kriging approximations.

<<<<< global_kriging approximation updates completed.

>>>>> Initiating global optimization
NCSU DIRECT succeeded with code 1
(maximum function evaluations exceeded)

Results of EGO iteration:
Final point =
                      3.4275529645e-01
                      9.9999154092e-01
                      2.3969194229e-01
Expected Improvement    =
                      2.4596876983e-01
                      2.1853033455e-02 [merit]

---------------------
Begin Evaluation   63
---------------------
Parameters for evaluation 63:
                      3.4275529645e-01 R
                      9.9999154092e-01 S
                      2.3969194229e-01 F

blocking fork: python model_command_line_driver_ego4.py params.in results.out

Active response data for evaluation 63:
Active set vector = { 1 }
                      1.8182187447e-01 rmse



>>>>> Appending to global_kriging approximations.

<<<<< global_kriging approximation updates completed.

>>>>> Initiating global optimization
NCSU DIRECT succeeded with code 1
(maximum function evaluations exceeded)

Results of EGO iteration:
Final point =
                      4.9988591678e-01
                      9.9977160494e-01
                      1.3859327846e-01
Expected Improvement    =
                      4.0464247301e-01
                      3.3697451912e-02 [merit]

---------------------
Begin Evaluation   64
---------------------
Parameters for evaluation 64:
                      4.9988591678e-01 R
                      9.9977160494e-01 S
                      1.3859327846e-01 F

blocking fork: python model_command_line_driver_ego4.py params.in results.out

Active response data for evaluation 64:
Active set vector = { 1 }
                      2.5187877388e-01 rmse



>>>>> Appending to global_kriging approximations.

<<<<< global_kriging approximation updates completed.

>>>>> Initiating global optimization
NCSU DIRECT succeeded with code 1
(maximum function evaluations exceeded)

Results of EGO iteration:
Final point =
                      4.9999577470e-01
                      7.7146113397e-01
                      3.7886780470e-02
Expected Improvement    =
                      2.0152732960e-01
                      1.8312852010e-04 [merit]

---------------------
Begin Evaluation   65
---------------------
Parameters for evaluation 65:
                      4.9999577470e-01 R
                      7.7146113397e-01 S
                      3.7886780470e-02 F

blocking fork: python model_command_line_driver_ego4.py params.in results.out

Active response data for evaluation 65:
Active set vector = { 1 }
                      1.5469722937e-01 rmse



>>>>> Appending to global_kriging approximations.

<<<<< global_kriging approximation updates completed.

>>>>> Initiating global optimization
NCSU DIRECT succeeded with code 1
(maximum function evaluations exceeded)

Results of EGO iteration:
Final point =
                      3.3280047926e-01
                      9.9999154092e-01
                      2.0906927298e-01
Expected Improvement    =
                      1.9779197286e-01
                      8.9835539331e-03 [merit]

---------------------
Begin Evaluation   66
---------------------
Parameters for evaluation 66:
                      3.3280047926e-01 R
                      9.9999154092e-01 S
                      2.0906927298e-01 F

blocking fork: python model_command_line_driver_ego4.py params.in results.out

Active response data for evaluation 66:
Active set vector = { 1 }
                      1.6865406633e-01 rmse



>>>>> Appending to global_kriging approximations.

<<<<< global_kriging approximation updates completed.

>>>>> Initiating global optimization
NCSU DIRECT succeeded with code 2
(maximum iterations reached)

Results of EGO iteration:
Final point =
                      1.0014084348e-03
                      9.9999718031e-01
                      2.3907487849e-01
Expected Improvement    =
                      1.9299725250e-01
                      3.0891122123e-01 [merit]

---------------------
Begin Evaluation   67
---------------------
Parameters for evaluation 67:
                      1.0014084348e-03 R
                      9.9999718031e-01 S
                      2.3907487849e-01 F

blocking fork: python model_command_line_driver_ego4.py params.in results.out

Active response data for evaluation 67:
Active set vector = { 1 }
                      4.1056364846e-02 rmse



>>>>> Appending to global_kriging approximations.

<<<<< global_kriging approximation updates completed.

>>>>> Initiating global optimization
NCSU DIRECT succeeded with code 2
(maximum iterations reached)

Results of EGO iteration:
Final point =
                      1.0014084348e-03
                      9.9999718031e-01
                      2.2375932700e-01
Expected Improvement    =
                      1.8309120823e-01
                      1.2442098993e-01 [merit]

---------------------
Begin Evaluation   68
---------------------
Parameters for evaluation 68:
                      1.0014084348e-03 R
                      9.9999718031e-01 S
                      2.2375932700e-01 F

blocking fork: python model_command_line_driver_ego4.py params.in results.out

Active response data for evaluation 68:
Active set vector = { 1 }
                      4.1056470998e-02 rmse



>>>>> Appending to global_kriging approximations.

<<<<< global_kriging approximation updates completed.

>>>>> Initiating global optimization
NCSU DIRECT succeeded with code 1
(maximum function evaluations exceeded)

Results of EGO iteration:
Final point =
                      1.0042253044e-03
                      8.5209304984e-01
                      4.2542168369e-02
Expected Improvement    =
                      1.7726456113e-01
                      1.9685095466e-03 [merit]

---------------------
Begin Evaluation   69
---------------------
Parameters for evaluation 69:
                      1.0042253044e-03 R
                      8.5209304984e-01 S
                      4.2542168369e-02 F

blocking fork: python model_command_line_driver_ego4.py params.in results.out

Active response data for evaluation 69:
Active set vector = { 1 }
                      3.7650818996e-02 rmse



>>>>> Appending to global_kriging approximations.

<<<<< global_kriging approximation updates completed.

>>>>> Initiating global optimization
NCSU DIRECT succeeded with code 1
(maximum function evaluations exceeded)

Results of EGO iteration:
Final point =
                      2.3422412742e-01
                      4.0797462277e-01
                      2.0168137479e-01
Expected Improvement    =
                      1.6746281808e-01
                      5.1830985557e-04 [merit]

---------------------
Begin Evaluation   70
---------------------
Parameters for evaluation 70:
                      2.3422412742e-01 R
                      4.0797462277e-01 S
                      2.0168137479e-01 F

blocking fork: python model_command_line_driver_ego4.py params.in results.out

Active response data for evaluation 70:
Active set vector = { 1 }
                      1.9282748314e-01 rmse



>>>>> Appending to global_kriging approximations.

<<<<< global_kriging approximation updates completed.

>>>>> Initiating global optimization
NCSU DIRECT succeeded with code 1
(maximum function evaluations exceeded)

Results of EGO iteration:
Final point =
                      2.7729688056e-01
                      1.6308436214e-01
                      5.1152949246e-02
Expected Improvement    =
                      1.5350459131e-01
                      3.1381473479e-03 [merit]

---------------------
Begin Evaluation   71
---------------------
Parameters for evaluation 71:
                      2.7729688056e-01 R
                      1.6308436214e-01 S
                      5.1152949246e-02 F

blocking fork: python model_command_line_driver_ego4.py params.in results.out

Active response data for evaluation 71:
Active set vector = { 1 }
                      2.2063100617e-01 rmse



>>>>> Appending to global_kriging approximations.

<<<<< global_kriging approximation updates completed.

>>>>> Initiating global optimization
NCSU DIRECT succeeded with code 1
(maximum function evaluations exceeded)

Results of EGO iteration:
Final point =
                      4.9999859157e-01
                      7.5744726414e-01
                      1.3492463039e-01
Expected Improvement    =
                      1.5681801834e-01
                      2.7492684345e-06 [merit]

---------------------
Begin Evaluation   72
---------------------
Parameters for evaluation 72:
                      4.9999859157e-01 R
                      7.5744726414e-01 S
                      1.3492463039e-01 F

blocking fork: python model_command_line_driver_ego4.py params.in results.out

Active response data for evaluation 72:
Active set vector = { 1 }
                      2.6003251289e-01 rmse



>>>>> Appending to global_kriging approximations.

<<<<< global_kriging approximation updates completed.

>>>>> Initiating global optimization
NCSU DIRECT succeeded with code 1
(maximum function evaluations exceeded)

Results of EGO iteration:
Final point =
                      2.9048828092e-01
                      9.9999154092e-01
                      2.3444114210e-02
Expected Improvement    =
                      1.4416602446e-01
                      3.4439556381e-02 [merit]

---------------------
Begin Evaluation   73
---------------------
Parameters for evaluation 73:
                      2.9048828092e-01 R
                      9.9999154092e-01 S
                      2.3444114210e-02 F

blocking fork: python model_command_line_driver_ego4.py params.in results.out

Active response data for evaluation 73:
Active set vector = { 1 }
                      5.5069763115e-02 rmse



>>>>> Appending to global_kriging approximations.

<<<<< global_kriging approximation updates completed.

>>>>> Initiating global optimization
NCSU DIRECT succeeded with code 1
(maximum function evaluations exceeded)

Results of EGO iteration:
Final point =
                      4.5113435452e-01
                      7.6726543210e-01
                      2.2853840878e-01
Expected Improvement    =
                      1.2967192411e-01
                      6.5250367345e-02 [merit]

---------------------
Begin Evaluation   74
---------------------
Parameters for evaluation 74:
                      4.5113435452e-01 R
                      7.6726543210e-01 S
                      2.2853840878e-01 F

blocking fork: python model_command_line_driver_ego4.py params.in results.out

Active response data for evaluation 74:
Active set vector = { 1 }
                      2.6971161760e-01 rmse



>>>>> Appending to global_kriging approximations.

<<<<< global_kriging approximation updates completed.

>>>>> Initiating global optimization
NCSU DIRECT succeeded with code 1
(maximum function evaluations exceeded)

Results of EGO iteration:
Final point =
                      4.9999859157e-01
                      4.2377617741e-01
                      2.4999929719e-01
Expected Improvement    =
                      6.2454033360e-01
                      5.5643225541e-01 [merit]

---------------------
Begin Evaluation   75
---------------------
Parameters for evaluation 75:
                      4.9999859157e-01 R
                      4.2377617741e-01 S
                      2.4999929719e-01 F

blocking fork: python model_command_line_driver_ego4.py params.in results.out

Active response data for evaluation 75:
Active set vector = { 1 }
                      3.8093820371e-01 rmse



>>>>> Appending to global_kriging approximations.

<<<<< global_kriging approximation updates completed.

>>>>> Initiating global optimization
NCSU DIRECT succeeded with code 1
(maximum function evaluations exceeded)

Results of EGO iteration:
Final point =
                      7.2186520235e-02
                      4.9433051364e-01
                      2.4999929719e-01
Expected Improvement    =
                      1.8731456283e-01
                      3.0669032641e-01 [merit]

---------------------
Begin Evaluation   76
---------------------
Parameters for evaluation 76:
                      7.2186520235e-02 R
                      4.9433051364e-01 S
                      2.4999929719e-01 F

blocking fork: python model_command_line_driver_ego4.py params.in results.out

Active response data for evaluation 76:
Active set vector = { 1 }
                      9.5924970353e-02 rmse



>>>>> Appending to global_kriging approximations.

<<<<< global_kriging approximation updates completed.

>>>>> Initiating global optimization
NCSU DIRECT succeeded with code 2
(maximum iterations reached)

Results of EGO iteration:
Final point =
                      4.9999859157e-01
                      9.9999718031e-01
                      2.4999929719e-01
Expected Improvement    =
                      1.6987878234e-01
                      2.6264024490e-02 [merit]

---------------------
Begin Evaluation   77
---------------------
Parameters for evaluation 77:
                      4.9999859157e-01 R
                      9.9999718031e-01 S
                      2.4999929719e-01 F

blocking fork: python model_command_line_driver_ego4.py params.in results.out

Active response data for evaluation 77:
Active set vector = { 1 }
                      2.9438071426e-01 rmse



>>>>> Appending to global_kriging approximations.

<<<<< global_kriging approximation updates completed.

>>>>> Initiating global optimization
NCSU DIRECT succeeded with code 1
(maximum function evaluations exceeded)

Results of EGO iteration:
Final point =
                      2.1209198293e-01
                      3.5584979424e-01
                      2.4189734797e-01
Expected Improvement    =
                      1.1914377023e-01
                      2.3303447435e-01 [merit]

---------------------
Begin Evaluation   78
---------------------
Parameters for evaluation 78:
                      2.1209198293e-01 R
                      3.5584979424e-01 S
                      2.4189734797e-01 F

blocking fork: python model_command_line_driver_ego4.py params.in results.out

Active response data for evaluation 78:
Active set vector = { 1 }
                      2.3117757589e-01 rmse



>>>>> Appending to global_kriging approximations.

<<<<< global_kriging approximation updates completed.

>>>>> Initiating global optimization
NCSU DIRECT succeeded with code 1
(maximum function evaluations exceeded)

Results of EGO iteration:
Final point =
                      4.7684110654e-01
                      6.9874691358e-01
                      2.0793072702e-01
Expected Improvement    =
                      1.1439907846e-01
                      1.4640451800e-02 [merit]

---------------------
Begin Evaluation   79
---------------------
Parameters for evaluation 79:
                      4.7684110654e-01 R
                      6.9874691358e-01 S
                      2.0793072702e-01 F

blocking fork: python model_command_line_driver_ego4.py params.in results.out

Active response data for evaluation 79:
Active set vector = { 1 }
                      2.8667619409e-01 rmse



>>>>> Appending to global_kriging approximations.

<<<<< global_kriging approximation updates completed.

>>>>> Initiating global optimization
NCSU DIRECT succeeded with code 1
(maximum function evaluations exceeded)

Results of EGO iteration:
Final point =
                      4.9999577470e-01
                      3.1108436214e-01
                      2.3396126099e-01
Expected Improvement    =
                      1.8492163077e-01
                      5.0692050507e-02 [merit]

---------------------
Begin Evaluation   80
---------------------
Parameters for evaluation 80:
                      4.9999577470e-01 R
                      3.1108436214e-01 S
                      2.3396126099e-01 F

blocking fork: python model_command_line_driver_ego4.py params.in results.out

Active response data for evaluation 80:
Active set vector = { 1 }
                      4.3537330221e-01 rmse



>>>>> Appending to global_kriging approximations.

<<<<< global_kriging approximation updates completed.

>>>>> Initiating global optimization
NCSU DIRECT succeeded with code 1
(maximum function evaluations exceeded)

Results of EGO iteration:
Final point =
                      1.0126759132e-03
                      7.3691426612e-01
                      2.1649512269e-01
Expected Improvement    =
                      1.3738831996e-01
                      1.7293693863e-02 [merit]

---------------------
Begin Evaluation   81
---------------------
Parameters for evaluation 81:
                      1.0126759132e-03 R
                      7.3691426612e-01 S
                      2.1649512269e-01 F

blocking fork: python model_command_line_driver_ego4.py params.in results.out

Active response data for evaluation 81:
Active set vector = { 1 }
                      4.0148576080e-02 rmse



>>>>> Appending to global_kriging approximations.

<<<<< global_kriging approximation updates completed.

>>>>> Initiating global optimization
NCSU DIRECT succeeded with code 1
(maximum function evaluations exceeded)

Results of EGO iteration:
Final point =
                      4.9999859157e-01
                      6.8481199512e-01
                      9.7871284865e-02
Expected Improvement    =
                      1.1456363588e-01
                      7.0196302023e-05 [merit]

---------------------
Begin Evaluation   82
---------------------
Parameters for evaluation 82:
                      4.9999859157e-01 R
                      6.8481199512e-01 S
                      9.7871284865e-02 F

blocking fork: python model_command_line_driver_ego4.py params.in results.out

Active response data for evaluation 82:
Active set vector = { 1 }
                      2.3858326138e-01 rmse



>>>>> Appending to global_kriging approximations.

<<<<< global_kriging approximation updates completed.

>>>>> Initiating global optimization
NCSU DIRECT succeeded with code 1
(maximum function evaluations exceeded)

Results of EGO iteration:
Final point =
                      1.0042253044e-03
                      7.8809167810e-01
                      1.2092389372e-02
Expected Improvement    =
                      1.0372692395e-01
                      3.7924590343e-03 [merit]

---------------------
Begin Evaluation   83
---------------------
Parameters for evaluation 83:
                      1.0042253044e-03 R
                      7.8809167810e-01 S
                      1.2092389372e-02 F

blocking fork: python model_command_line_driver_ego4.py params.in results.out

Active response data for evaluation 83:
Active set vector = { 1 }
                      3.8976594556e-02 rmse



>>>>> Appending to global_kriging approximations.

<<<<< global_kriging approximation updates completed.

>>>>> Initiating global optimization
NCSU DIRECT succeeded with code 1
(maximum function evaluations exceeded)

Results of EGO iteration:
Final point =
                      2.0429207099e-01
                      2.0480452675e-01
                      1.6637379973e-01
Expected Improvement    =
                      9.4945227778e-02
                      2.8189553488e-05 [merit]

---------------------
Begin Evaluation   84
---------------------
Parameters for evaluation 84:
                      2.0429207099e-01 R
                      2.0480452675e-01 S
                      1.6637379973e-01 F

blocking fork: python model_command_line_driver_ego4.py params.in results.out

Active response data for evaluation 84:
Active set vector = { 1 }
                      3.4878577213e-01 rmse



>>>>> Appending to global_kriging approximations.

<<<<< global_kriging approximation updates completed.

>>>>> Initiating global optimization
NCSU DIRECT succeeded with code 1
(maximum function evaluations exceeded)

Results of EGO iteration:
Final point =
                      1.8581904012e-01
                      9.9999154092e-01
                      1.1637054819e-01
Expected Improvement    =
                      9.7753577939e-02
                      1.9448944461e-04 [merit]

---------------------
Begin Evaluation   85
---------------------
Parameters for evaluation 85:
                      1.8581904012e-01 R
                      9.9999154092e-01 S
                      1.1637054819e-01 F

blocking fork: python model_command_line_driver_ego4.py params.in results.out

Active response data for evaluation 85:
Active set vector = { 1 }
                      6.0426877970e-02 rmse



>>>>> Appending to global_kriging approximations.

<<<<< global_kriging approximation updates completed.

>>>>> Initiating global optimization
NCSU DIRECT succeeded with code 1
(maximum function evaluations exceeded)

Results of EGO iteration:
Final point =
                      1.0042253044e-03
                      3.2455121171e-01
                      6.6568866535e-03
Expected Improvement    =
                      8.6130538149e-02
                      1.4350459548e-01 [merit]

---------------------
Begin Evaluation   86
---------------------
Parameters for evaluation 86:
                      1.0042253044e-03 R
                      3.2455121171e-01 S
                      6.6568866535e-03 F

blocking fork: python model_command_line_driver_ego4.py params.in results.out

Active response data for evaluation 86:
Active set vector = { 1 }
                      3.1965832737e-02 rmse



>>>>> Appending to global_kriging approximations.

<<<<< global_kriging approximation updates completed.

>>>>> Initiating global optimization
NCSU DIRECT succeeded with code 1
(maximum function evaluations exceeded)

Results of EGO iteration:
Final point =
                      2.1938767521e-01
                      9.9999718031e-01
                      4.7110408305e-02
Expected Improvement    =
                      8.5594442708e-02
                      8.1360668859e-03 [merit]

---------------------
Begin Evaluation   87
---------------------
Parameters for evaluation 87:
                      2.1938767521e-01 R
                      9.9999718031e-01 S
                      4.7110408305e-02 F

blocking fork: python model_command_line_driver_ego4.py params.in results.out

Active response data for evaluation 87:
Active set vector = { 1 }
                      5.2324861844e-02 rmse



>>>>> Appending to global_kriging approximations.

<<<<< global_kriging approximation updates completed.

>>>>> Initiating global optimization
NCSU DIRECT succeeded with code 1
(maximum function evaluations exceeded)

Results of EGO iteration:
Final point =
                      1.0042253044e-03
                      3.4431161408e-01
                      2.3211428644e-01
Expected Improvement    =
                      8.1459300592e-02
                      1.3100880227e-01 [merit]

---------------------
Begin Evaluation   88
---------------------
Parameters for evaluation 88:
                      1.0042253044e-03 R
                      3.4431161408e-01 S
                      2.3211428644e-01 F

blocking fork: python model_command_line_driver_ego4.py params.in results.out

Active response data for evaluation 88:
Active set vector = { 1 }
                      1.7816153390e-01 rmse



>>>>> Appending to global_kriging approximations.

<<<<< global_kriging approximation updates completed.

>>>>> Initiating global optimization
NCSU DIRECT succeeded with code 1
(maximum function evaluations exceeded)

Results of EGO iteration:
Final point =
                      2.3509735700e-01
                      1.7366384697e-01
                      7.0554615658e-02
Expected Improvement    =
                      7.7385034347e-02
                      1.9394019469e-05 [merit]

---------------------
Begin Evaluation   89
---------------------
Parameters for evaluation 89:
                      2.3509735700e-01 R
                      1.7366384697e-01 S
                      7.0554615658e-02 F

blocking fork: python model_command_line_driver_ego4.py params.in results.out

Active response data for evaluation 89:
Active set vector = { 1 }
                      2.4628771243e-01 rmse



>>>>> Appending to global_kriging approximations.

<<<<< global_kriging approximation updates completed.

>>>>> Initiating global optimization
NCSU DIRECT succeeded with code 1
(maximum function evaluations exceeded)

Results of EGO iteration:
Final point =
                      1.0042253044e-03
                      9.5311133973e-01
                      1.8765195854e-01
Expected Improvement    =
                      7.5463596740e-02
                      2.2026296694e-03 [merit]

---------------------
Begin Evaluation   90
---------------------
Parameters for evaluation 90:
                      1.0042253044e-03 R
                      9.5311133973e-01 S
                      1.8765195854e-01 F

blocking fork: python model_command_line_driver_ego4.py params.in results.out

Active response data for evaluation 90:
Active set vector = { 1 }
                      3.9148554560e-02 rmse



>>>>> Appending to global_kriging approximations.

<<<<< global_kriging approximation updates completed.

>>>>> Initiating global optimization
NCSU DIRECT succeeded with code 1
(maximum function evaluations exceeded)

Results of EGO iteration:
Final point =
                      4.7535379939e-01
                      1.3090603567e-01
                      1.5814253417e-01
Expected Improvement    =
                      7.0511920780e-02
                      2.6066562567e-06 [merit]

---------------------
Begin Evaluation   91
---------------------
Parameters for evaluation 91:
                      4.7535379939e-01 R
                      1.3090603567e-01 S
                      1.5814253417e-01 F

blocking fork: python model_command_line_driver_ego4.py params.in results.out

Active response data for evaluation 91:
Active set vector = { 1 }
                      6.7340652382e-01 rmse



>>>>> Appending to global_kriging approximations.

<<<<< global_kriging approximation updates completed.

>>>>> Initiating global optimization
NCSU DIRECT succeeded with code 1
(maximum function evaluations exceeded)

Results of EGO iteration:
Final point =
                      4.9999577470e-01
                      8.3534407865e-01
                      1.9261095870e-01
Expected Improvement    =
                      9.8549462381e-02
                      2.8292839072e-02 [merit]

---------------------
Begin Evaluation   92
---------------------
Parameters for evaluation 92:
                      4.9999577470e-01 R
                      8.3534407865e-01 S
                      1.9261095870e-01 F

blocking fork: python model_command_line_driver_ego4.py params.in results.out

Active response data for evaluation 92:
Active set vector = { 1 }
                      2.8445961754e-01 rmse



>>>>> Appending to global_kriging approximations.

<<<<< global_kriging approximation updates completed.

>>>>> Initiating global optimization
NCSU DIRECT succeeded with code 2
(maximum iterations reached)

Results of EGO iteration:
Final point =
                      4.9999859157e-01
                      9.9999718031e-01
                      1.7043039679e-01
Expected Improvement    =
                      1.2391694550e-01
                      1.0612893477e-01 [merit]

---------------------
Begin Evaluation   93
---------------------
Parameters for evaluation 93:
                      4.9999859157e-01 R
                      9.9999718031e-01 S
                      1.7043039679e-01 F

blocking fork: python model_command_line_driver_ego4.py params.in results.out

Active response data for evaluation 93:
Active set vector = { 1 }
                      2.6712438917e-01 rmse



>>>>> Appending to global_kriging approximations.

<<<<< global_kriging approximation updates completed.

>>>>> Initiating global optimization
NCSU DIRECT succeeded with code 1
(maximum function evaluations exceeded)

Results of EGO iteration:
Final point =
                      4.6303844547e-01
                      9.9999718031e-01
                      1.5208996765e-01
Expected Improvement    =
                      1.0550388045e-01
                      1.3969366414e-02 [merit]

---------------------
Begin Evaluation   94
---------------------
Parameters for evaluation 94:
                      4.6303844547e-01 R
                      9.9999718031e-01 S
                      1.5208996765e-01 F

blocking fork: python model_command_line_driver_ego4.py params.in results.out

Active response data for evaluation 94:
Active set vector = { 1 }
                      2.3535407268e-01 rmse



>>>>> Appending to global_kriging approximations.

<<<<< global_kriging approximation updates completed.

>>>>> Initiating global optimization
NCSU DIRECT succeeded with code 1
(maximum function evaluations exceeded)

Results of EGO iteration:
Final point =
                      2.8598128955e-01
                      9.9999718031e-01
                      1.6328285830e-01
Expected Improvement    =
                      1.1459711665e-01
                      2.8329146673e-02 [merit]

---------------------
Begin Evaluation   95
---------------------
Parameters for evaluation 95:
                      2.8598128955e-01 R
                      9.9999718031e-01 S
                      1.6328285830e-01 F

blocking fork: python model_command_line_driver_ego4.py params.in results.out

Active response data for evaluation 95:
Active set vector = { 1 }
                      1.2909838689e-01 rmse



>>>>> Appending to global_kriging approximations.

<<<<< global_kriging approximation updates completed.

>>>>> Initiating global optimization
NCSU DIRECT succeeded with code 1
(maximum function evaluations exceeded)

Results of EGO iteration:
Final point =
                      4.9999577470e-01
                      4.9850365798e-01
                      2.3835098816e-01
Expected Improvement    =
                      8.5613270116e-02
                      1.4617007310e-02 [merit]

---------------------
Begin Evaluation   96
---------------------
Parameters for evaluation 96:
                      4.9999577470e-01 R
                      4.9850365798e-01 S
                      2.3835098816e-01 F

blocking fork: python model_command_line_driver_ego4.py params.in results.out

Active response data for evaluation 96:
Active set vector = { 1 }
                      3.4803822181e-01 rmse



>>>>> Appending to global_kriging approximations.

<<<<< global_kriging approximation updates completed.

>>>>> Initiating global optimization
NCSU DIRECT succeeded with code 1
(maximum function evaluations exceeded)

Results of EGO iteration:
Final point =
                      3.7112399025e-01
                      3.8203909465e-01
                      3.5099451303e-02
Expected Improvement    =
                      8.1652117996e-02
                      1.8943638891e-04 [merit]

---------------------
Begin Evaluation   97
---------------------
Parameters for evaluation 97:
                      3.7112399025e-01 R
                      3.8203909465e-01 S
                      3.5099451303e-02 F

blocking fork: python model_command_line_driver_ego4.py params.in results.out

Active response data for evaluation 97:
Active set vector = { 1 }
                      1.1922727129e-01 rmse



>>>>> Appending to global_kriging approximations.

<<<<< global_kriging approximation updates completed.

>>>>> Initiating global optimization
NCSU DIRECT succeeded with code 1
(maximum function evaluations exceeded)

Results of EGO iteration:
Final point =
                      1.9482889916e-02
                      3.3399718031e-01
                      1.7308138156e-01
Expected Improvement    =
                      8.0987863078e-02
                      5.3239892271e-05 [merit]

---------------------
Begin Evaluation   98
---------------------
Parameters for evaluation 98:
                      1.9482889916e-02 R
                      3.3399718031e-01 S
                      1.7308138156e-01 F

blocking fork: python model_command_line_driver_ego4.py params.in results.out

Active response data for evaluation 98:
Active set vector = { 1 }
                      1.4823486220e-01 rmse



>>>>> Appending to global_kriging approximations.

<<<<< global_kriging approximation updates completed.

>>>>> Initiating global optimization
NCSU DIRECT succeeded with code 1
(maximum function evaluations exceeded)

Results of EGO iteration:
Final point =
                      1.0042253044e-03
                      3.5974096936e-01
                      2.2254966214e-02
Expected Improvement    =
                      7.1582392438e-02
                      9.6776871607e-02 [merit]

---------------------
Begin Evaluation   99
---------------------
Parameters for evaluation 99:
                      1.0042253044e-03 R
                      3.5974096936e-01 S
                      2.2254966214e-02 F

blocking fork: python model_command_line_driver_ego4.py params.in results.out

Active response data for evaluation 99:
Active set vector = { 1 }
                      2.8926811863e-02 rmse



>>>>> Appending to global_kriging approximations.

<<<<< global_kriging approximation updates completed.

>>>>> Initiating global optimization
NCSU DIRECT succeeded with code 2
(maximum iterations reached)

Results of EGO iteration:
Final point =
                      1.5501375411e-01
                      9.9999718031e-01
                      1.4855485275e-01
Expected Improvement    =
                      6.8003257770e-02
                      1.0429076627e-02 [merit]

---------------------
Begin Evaluation  100
---------------------
Parameters for evaluation 100:
                      1.5501375411e-01 R
                      9.9999718031e-01 S
                      1.4855485275e-01 F

blocking fork: python model_command_line_driver_ego4.py params.in results.out

Active response data for evaluation 100:
Active set vector = { 1 }
                      4.8927798426e-02 rmse



>>>>> Appending to global_kriging approximations.

<<<<< global_kriging approximation updates completed.

>>>>> Initiating global optimization
NCSU DIRECT succeeded with code 2
(maximum iterations reached)

Results of EGO iteration:
Final point =
                      1.0014084348e-03
                      9.9999718031e-01
                      1.5994171790e-01
Expected Improvement    =
                      8.3611249949e-02
                      3.1203555178e-02 [merit]

---------------------
Begin Evaluation  101
---------------------
Parameters for evaluation 101:
                      1.0014084348e-03 R
                      9.9999718031e-01 S
                      1.5994171790e-01 F

blocking fork: python model_command_line_driver_ego4.py params.in results.out

Active response data for evaluation 101:
Active set vector = { 1 }
                      4.1056502135e-02 rmse



>>>>> Appending to global_kriging approximations.

<<<<< global_kriging approximation updates completed.

>>>>> Initiating global optimization
NCSU DIRECT succeeded with code 1
(maximum function evaluations exceeded)

Results of EGO iteration:
Final point =
                      1.0014084348e-03
                      9.9999718031e-01
                      9.0745397890e-03
Expected Improvement    =
                      6.5966636561e-02
                      2.3663301611e-02 [merit]

---------------------
Begin Evaluation  102
---------------------
Parameters for evaluation 102:
                      1.0014084348e-03 R
                      9.9999718031e-01 S
                      9.0745397890e-03 F

blocking fork: python model_command_line_driver_ego4.py params.in results.out

Active response data for evaluation 102:
Active set vector = { 1 }
                      4.1056715536e-02 rmse



>>>>> Appending to global_kriging approximations.

<<<<< global_kriging approximation updates completed.

>>>>> Initiating global optimization
NCSU DIRECT succeeded with code 1
(maximum function evaluations exceeded)

Results of EGO iteration:
Final point =
                      1.0014084348e-03
                      3.5274249352e-01
                      2.4999929719e-01
Expected Improvement    =
                      6.7235385866e-02
                      1.6025621389e-01 [merit]

---------------------
Begin Evaluation  103
---------------------
Parameters for evaluation 103:
                      1.0014084348e-03 R
                      3.5274249352e-01 S
                      2.4999929719e-01 F

blocking fork: python model_command_line_driver_ego4.py params.in results.out

Active response data for evaluation 103:
Active set vector = { 1 }
                      1.7420549381e-01 rmse



>>>>> Appending to global_kriging approximations.

<<<<< global_kriging approximation updates completed.

>>>>> Initiating global optimization
NCSU DIRECT succeeded with code 1
(maximum function evaluations exceeded)

Results of EGO iteration:
Final point =
                      4.9999859157e-01
                      9.9999718031e-01
                      5.0710181375e-02
Expected Improvement    =
                      7.7501573893e-02
                      8.3340567262e-02 [merit]

---------------------
Begin Evaluation  104
---------------------
Parameters for evaluation 104:
                      4.9999859157e-01 R
                      9.9999718031e-01 S
                      5.0710181375e-02 F

blocking fork: python model_command_line_driver_ego4.py params.in results.out

Active response data for evaluation 104:
Active set vector = { 1 }
                      1.7286719740e-01 rmse



>>>>> Appending to global_kriging approximations.

<<<<< global_kriging approximation updates completed.

>>>>> Initiating global optimization
NCSU DIRECT succeeded with code 1
(maximum function evaluations exceeded)

Results of EGO iteration:
Final point =
                      4.9999577470e-01
                      6.5269570187e-01
                      4.4262637809e-02
Expected Improvement    =
                      8.6648867125e-02
                      4.2353580751e-02 [merit]

---------------------
Begin Evaluation  105
---------------------
Parameters for evaluation 105:
                      4.9999577470e-01 R
                      6.5269570187e-01 S
                      4.4262637809e-02 F

blocking fork: python model_command_line_driver_ego4.py params.in results.out

Active response data for evaluation 105:
Active set vector = { 1 }
                      1.7048193678e-01 rmse



>>>>> Appending to global_kriging approximations.

<<<<< global_kriging approximation updates completed.

>>>>> Initiating global optimization
NCSU DIRECT succeeded with code 2
(maximum iterations reached)

Results of EGO iteration:
Final point =
                      4.9999859157e-01
                      9.9999718031e-01
                      2.9231020000e-02
Expected Improvement    =
                      6.9485881924e-02
                      2.5358663482e-03 [merit]

---------------------
Begin Evaluation  106
---------------------
Parameters for evaluation 106:
                      4.9999859157e-01 R
                      9.9999718031e-01 S
                      2.9231020000e-02 F

blocking fork: python model_command_line_driver_ego4.py params.in results.out

Active response data for evaluation 106:
Active set vector = { 1 }
                      1.3231431419e-01 rmse



>>>>> Appending to global_kriging approximations.

<<<<< global_kriging approximation updates completed.

>>>>> Initiating global optimization
NCSU DIRECT succeeded with code 1
(maximum function evaluations exceeded)

Results of EGO iteration:
Final point =
                      4.9999577470e-01
                      8.1710631001e-01
                      5.2211375298e-02
Expected Improvement    =
                      7.0947134879e-02
                      1.5488913267e-02 [merit]

---------------------
Begin Evaluation  107
---------------------
Parameters for evaluation 107:
                      4.9999577470e-01 R
                      8.1710631001e-01 S
                      5.2211375298e-02 F

blocking fork: python model_command_line_driver_ego4.py params.in results.out

Active response data for evaluation 107:
Active set vector = { 1 }
                      1.7842110836e-01 rmse



>>>>> Appending to global_kriging approximations.

<<<<< global_kriging approximation updates completed.

>>>>> Initiating global optimization
NCSU DIRECT succeeded with code 1
(maximum function evaluations exceeded)

Results of EGO iteration:
Final point =
                      1.6843613778e-01
                      7.4412139918e-01
                      1.9726634659e-01
Expected Improvement    =
                      5.6951500982e-02
                      5.4837474747e-03 [merit]

---------------------
Begin Evaluation  108
---------------------
Parameters for evaluation 108:
                      1.6843613778e-01 R
                      7.4412139918e-01 S
                      1.9726634659e-01 F

blocking fork: python model_command_line_driver_ego4.py params.in results.out

Active response data for evaluation 108:
Active set vector = { 1 }
                      7.3751024011e-02 rmse



>>>>> Appending to global_kriging approximations.

<<<<< global_kriging approximation updates completed.

>>>>> Initiating global optimization
NCSU DIRECT succeeded with code 1
(maximum function evaluations exceeded)

Results of EGO iteration:
Final point =
                      4.9999859157e-01
                      9.9999718031e-01
                      1.0007028061e-03
Expected Improvement    =
                      7.0091077690e-02
                      3.6968489272e-03 [merit]

---------------------
Begin Evaluation  109
---------------------
Parameters for evaluation 109:
                      4.9999859157e-01 R
                      9.9999718031e-01 S
                      1.0007028061e-03 F

blocking fork: python model_command_line_driver_ego4.py params.in results.out

Active response data for evaluation 109:
Active set vector = { 1 }
                      3.1431103607e-02 rmse



>>>>> Appending to global_kriging approximations.

<<<<< global_kriging approximation updates completed.

>>>>> Initiating global optimization
NCSU DIRECT succeeded with code 1
(maximum function evaluations exceeded)

Results of EGO iteration:
Final point =
                      1.0042253044e-03
                      1.8017169639e-01
                      1.4335746583e-02
Expected Improvement    =
                      5.7254516234e-02
                      7.6458503833e-02 [merit]
<<<<< Function evaluation summary: 109 total (109 new, 0 duplicate)
<<<<< Best parameters          =
                      2.8034265851e-01 R
                      7.8112321939e-01 S
                      5.8504999798e-03 F
<<<<< Best residual term  =
                      2.7831317093e-02
<<<<< Best residual norm =  2.7831317093e-02; 0.5 * norm^2 =  3.8729110557e-04
<<<<< Best data captured at function evaluation 10


<<<<< Iterator efficient_global completed.
<<<<< Environment execution completed.
DAKOTA execution time in seconds:
  Total CPU        =    95.5066 [parent =    95.5066, child =    1.5e-05]
  Total wall clock =    1176.86
