 $ LHS File Format Version 1.00 
$
$ This LHS run was executed on  5/26/20 at 15:42:14.32
$ with LHS Version: 2.30 Release 1, Compiled May 31, 2001        
$ The run title was:
$ Pecos::LHSDriver
$
$ Message output file for this run: LHS_distributions.out
$
$ Input file(s) for this run: 
$
$ Point Values for the distributions follow:
$
$ All point values represent mean values that
$ were calculated from the actual LHS sample.
$
    Uniform1              1.2501299E-01
    Uniform2              5.1764411E-01
    Uniform3              1.2520511E-01
$
@UNCERTAINTY
  @OBSERVATIONS     10
  @VARIABLES      3
    Uniform1:          
    Uniform2:          
    Uniform3:          
@SAMPLEDATA
           1           3   4.0681831817142664E-003  0.69240735012444210       0.16212475659649350     
           2           3   3.8800515234540214E-002  0.49787741893043280        8.5542991797905407E-002
           3           3   6.9613978063175458E-002  0.75723144522169605       0.10128079368951730     
           4           3   8.7642022148612872E-002  0.33694696508864874        6.1442923972336569E-002
           5           3  0.17986152504703495       0.26137051434484310        8.7636158248642453E-003
           6           3  0.16295359921287744       0.84652095079522116       0.24697731428239494     
           7           3  0.12234762012881692        5.3184022166393702E-002  0.14304759195877703     
           8           3  0.13683897416745314       0.18050224294536749       0.22497391760298049     
           9           3  0.21431029916713012       0.99685692047623453        3.4120012930594384E-002
          10           3  0.23369319239100442       0.55354325290871775       0.18377719880873336     
